TN:
SF:src\app\error.tsx
FN:6,Error
FN:13,(anonymous_2)
FNF:2
FNH:0
FNDA:0,Error
FNDA:0,(anonymous_2)
DA:4,0
DA:6,0
DA:13,0
LF:3
LH:0
BRF:0
BRH:0
end_of_record
TN:
SF:src\app\layout.tsx
FN:50,RootLayout
FNF:1
FNH:0
FNDA:0,RootLayout
DA:3,0
DA:4,0
DA:5,0
DA:6,0
DA:7,0
DA:8,0
DA:10,0
DA:15,0
DA:20,0
DA:50,0
LF:10
LH:0
BRF:0
BRH:0
end_of_record
TN:
SF:src\app\loading.tsx
FN:5,Loading
FNF:1
FNH:0
FNDA:0,Loading
DA:3,0
DA:5,0
LF:2
LH:0
BRF:0
BRH:0
end_of_record
TN:
SF:src\app\not-found.tsx
FN:4,NotFound
FNF:1
FNH:0
FNDA:0,NotFound
DA:1,0
DA:2,0
DA:4,0
LF:3
LH:0
BRF:0
BRH:0
end_of_record
TN:
SF:src\app\page.tsx
FN:7,HomePage
FN:10,(anonymous_2)
FNF:2
FNH:0
FNDA:0,HomePage
FNDA:0,(anonymous_2)
DA:3,0
DA:4,0
DA:5,0
DA:7,0
DA:8,0
DA:10,0
DA:11,0
DA:12,0
DA:13,0
DA:15,0
DA:18,0
LF:11
LH:0
BRDA:13,0,0,0
BRDA:13,0,1,0
BRF:2
BRH:0
end_of_record
TN:
SF:src\app\robots.ts
FN:3,robots
FNF:1
FNH:0
FNDA:0,robots
DA:3,0
DA:4,0
DA:5,0
LF:3
LH:0
BRF:0
BRH:0
end_of_record
TN:
SF:src\app\sitemap.ts
FN:3,sitemap
FN:29,(anonymous_2)
FN:31,(anonymous_3)
FNF:3
FNH:0
FNDA:0,sitemap
FNDA:0,(anonymous_2)
FNDA:0,(anonymous_3)
DA:3,0
DA:4,0
DA:5,0
DA:28,0
DA:29,0
DA:31,0
LF:6
LH:0
BRDA:35,0,0,0
BRDA:35,0,1,0
BRF:2
BRH:0
end_of_record
TN:
SF:src\app\(dashboard)\error.tsx
FN:6,DashboardError
FN:13,(anonymous_2)
FNF:2
FNH:0
FNDA:0,DashboardError
FNDA:0,(anonymous_2)
DA:4,0
DA:6,0
DA:13,0
LF:3
LH:0
BRF:0
BRH:0
end_of_record
TN:
SF:src\app\(dashboard)\layout.tsx
FN:13,DashboardLayout
FN:22,(anonymous_2)
FN:24,(anonymous_3)
FN:25,(anonymous_4)
FN:28,(anonymous_5)
FNF:5
FNH:0
FNDA:0,DashboardLayout
FNDA:0,(anonymous_2)
FNDA:0,(anonymous_3)
FNDA:0,(anonymous_4)
FNDA:0,(anonymous_5)
DA:4,0
DA:5,0
DA:6,0
DA:7,0
DA:8,0
DA:9,0
DA:10,0
DA:11,0
DA:13,0
DA:18,0
DA:19,0
DA:20,0
DA:22,0
DA:23,0
DA:24,0
DA:25,0
DA:28,0
DA:37,0
DA:38,0
DA:39,0
DA:40,0
DA:41,0
DA:42,0
DA:43,0
DA:44,0
DA:45,0
DA:48,0
DA:49,0
LF:28
LH:0
BRDA:37,0,0,0
BRDA:37,0,1,0
BRDA:38,1,0,0
BRDA:38,1,1,0
BRDA:39,2,0,0
BRDA:39,2,1,0
BRDA:40,3,0,0
BRDA:40,3,1,0
BRDA:41,4,0,0
BRDA:41,4,1,0
BRDA:42,5,0,0
BRDA:42,5,1,0
BRDA:43,6,0,0
BRDA:43,6,1,0
BRDA:44,7,0,0
BRDA:44,7,1,0
BRDA:48,8,0,0
BRDA:48,8,1,0
BRDA:63,9,0,0
BRDA:71,10,0,0
BRF:20
BRH:0
end_of_record
TN:
SF:src\app\(dashboard)\loading.tsx
FN:5,Loading
FNF:1
FNH:0
FNDA:0,Loading
DA:3,0
DA:5,0
LF:2
LH:0
BRF:0
BRH:0
end_of_record
TN:
SF:src\app\(dashboard)\analytics\layout.tsx
FN:13,AnalyticsLayout
FNF:1
FNH:0
FNDA:0,AnalyticsLayout
DA:4,0
DA:13,0
DA:14,0
LF:3
LH:0
BRF:0
BRH:0
end_of_record
TN:
SF:src\app\(dashboard)\analytics\page.tsx
FN:62,(anonymous_1)
FN:67,AnalyticsPage
FN:74,(anonymous_3)
FN:76,(anonymous_4)
FN:82,(anonymous_5)
FN:85,(anonymous_6)
FN:94,(anonymous_7)
FN:103,(anonymous_8)
FN:122,(anonymous_9)
FN:125,(anonymous_10)
FN:132,(anonymous_11)
FN:137,(anonymous_12)
FN:145,(anonymous_13)
FN:147,(anonymous_14)
FN:153,(anonymous_15)
FN:171,(anonymous_16)
FN:217,(anonymous_17)
FN:400,(anonymous_18)
FN:444,(anonymous_19)
FN:486,(anonymous_20)
FN:493,(anonymous_21)
FN:505,(anonymous_22)
FNF:22
FNH:0
FNDA:0,(anonymous_1)
FNDA:0,AnalyticsPage
FNDA:0,(anonymous_3)
FNDA:0,(anonymous_4)
FNDA:0,(anonymous_5)
FNDA:0,(anonymous_6)
FNDA:0,(anonymous_7)
FNDA:0,(anonymous_8)
FNDA:0,(anonymous_9)
FNDA:0,(anonymous_10)
FNDA:0,(anonymous_11)
FNDA:0,(anonymous_12)
FNDA:0,(anonymous_13)
FNDA:0,(anonymous_14)
FNDA:0,(anonymous_15)
FNDA:0,(anonymous_16)
FNDA:0,(anonymous_17)
FNDA:0,(anonymous_18)
FNDA:0,(anonymous_19)
FNDA:0,(anonymous_20)
FNDA:0,(anonymous_21)
FNDA:0,(anonymous_22)
DA:9,0
DA:15,0
DA:22,0
DA:23,0
DA:40,0
DA:52,0
DA:53,0
DA:54,0
DA:55,0
DA:56,0
DA:59,0
DA:62,0
DA:63,0
DA:64,0
DA:67,0
DA:68,0
DA:69,0
DA:72,0
DA:74,0
DA:75,0
DA:76,0
DA:77,0
DA:79,0
DA:82,0
DA:84,0
DA:85,0
DA:91,0
DA:94,0
DA:102,0
DA:103,0
DA:109,0
DA:111,0
DA:119,0
DA:122,0
DA:124,0
DA:125,0
DA:126,0
DA:127,0
DA:131,0
DA:132,0
DA:139,0
DA:140,0
DA:141,0
DA:145,0
DA:146,0
DA:147,0
DA:151,0
DA:153,0
DA:160,0
DA:169,0
DA:171,0
DA:176,0
DA:180,0
DA:181,0
DA:183,0
DA:189,0
DA:214,0
DA:217,0
DA:218,0
DA:230,0
DA:233,0
DA:234,0
DA:235,0
DA:236,0
DA:239,0
DA:240,0
DA:241,0
DA:242,0
DA:400,0
DA:444,0
DA:487,0
DA:493,0
DA:506,0
LF:73
LH:0
BRDA:69,0,0,0
BRDA:69,0,1,0
BRDA:75,1,0,0
BRDA:75,1,1,0
BRDA:76,2,0,0
BRDA:76,2,1,0
BRDA:77,3,0,0
BRDA:77,3,1,0
BRDA:79,4,0,0
BRDA:79,4,1,0
BRDA:85,5,0,0
BRDA:85,5,1,0
BRDA:91,6,0,0
BRDA:91,6,1,0
BRDA:94,7,0,0
BRDA:94,7,1,0
BRDA:102,8,0,0
BRDA:102,8,1,0
BRDA:103,9,0,0
BRDA:103,9,1,0
BRDA:128,10,0,0
BRDA:128,10,1,0
BRDA:128,11,0,0
BRDA:128,11,1,0
BRDA:151,12,0,0
BRDA:151,12,1,0
BRDA:153,13,0,0
BRDA:153,13,1,0
BRDA:169,14,0,0
BRDA:169,14,1,0
BRDA:171,15,0,0
BRDA:171,15,1,0
BRDA:191,16,0,0
BRDA:191,16,1,0
BRDA:202,17,0,0
BRDA:202,17,1,0
BRDA:246,18,0,0
BRDA:246,18,1,0
BRDA:251,19,0,0
BRDA:251,19,1,0
BRDA:259,20,0,0
BRDA:259,20,1,0
BRDA:259,21,0,0
BRDA:259,21,1,0
BRDA:275,22,0,0
BRDA:275,22,1,0
BRDA:282,23,0,0
BRDA:282,23,1,0
BRDA:472,24,0,0
BRDA:472,24,1,0
BRDA:481,25,0,0
BRDA:481,25,1,0
BRDA:499,26,0,0
BRDA:499,26,1,0
BRF:54
BRH:0
end_of_record
TN:
SF:src\app\(dashboard)\analytics\predictivo\layout.tsx
FN:13,PredictivoLayout
FNF:1
FNH:0
FNDA:0,PredictivoLayout
DA:4,0
DA:13,0
DA:14,0
LF:3
LH:0
BRF:0
BRH:0
end_of_record
TN:
SF:src\app\(dashboard)\analytics\predictivo\page.tsx
FN:70,PredictivoDashboard
FN:79,(anonymous_2)
FN:81,(anonymous_3)
FN:87,(anonymous_4)
FN:90,(anonymous_5)
FN:117,(anonymous_6)
FN:120,(anonymous_7)
FN:129,(anonymous_8)
FN:136,(anonymous_9)
FN:166,(anonymous_10)
FN:182,(anonymous_11)
FN:184,(anonymous_12)
FN:254,(anonymous_13)
FN:258,(anonymous_14)
FN:259,(anonymous_15)
FN:261,(anonymous_16)
FN:272,(anonymous_17)
FN:277,(anonymous_18)
FN:302,(anonymous_19)
FN:320,(anonymous_20)
FN:367,(anonymous_21)
FN:382,(anonymous_22)
FN:636,(anonymous_23)
FN:700,(anonymous_24)
FN:754,(anonymous_25)
FNF:25
FNH:0
FNDA:0,PredictivoDashboard
FNDA:0,(anonymous_2)
FNDA:0,(anonymous_3)
FNDA:0,(anonymous_4)
FNDA:0,(anonymous_5)
FNDA:0,(anonymous_6)
FNDA:0,(anonymous_7)
FNDA:0,(anonymous_8)
FNDA:0,(anonymous_9)
FNDA:0,(anonymous_10)
FNDA:0,(anonymous_11)
FNDA:0,(anonymous_12)
FNDA:0,(anonymous_13)
FNDA:0,(anonymous_14)
FNDA:0,(anonymous_15)
FNDA:0,(anonymous_16)
FNDA:0,(anonymous_17)
FNDA:0,(anonymous_18)
FNDA:0,(anonymous_19)
FNDA:0,(anonymous_20)
FNDA:0,(anonymous_21)
FNDA:0,(anonymous_22)
FNDA:0,(anonymous_23)
FNDA:0,(anonymous_24)
FNDA:0,(anonymous_25)
DA:3,0
DA:10,0
DA:16,0
DA:17,0
DA:24,0
DA:25,0
DA:39,0
DA:40,0
DA:41,0
DA:42,0
DA:70,0
DA:71,0
DA:72,0
DA:73,0
DA:77,0
DA:79,0
DA:80,0
DA:81,0
DA:82,0
DA:84,0
DA:87,0
DA:89,0
DA:90,0
DA:96,0
DA:99,0
DA:102,0
DA:103,0
DA:105,0
DA:114,0
DA:117,0
DA:119,0
DA:120,0
DA:121,0
DA:122,0
DA:127,0
DA:130,0
DA:135,0
DA:137,0
DA:138,0
DA:140,0
DA:149,0
DA:152,0
DA:153,0
DA:155,0
DA:157,0
DA:165,0
DA:167,0
DA:168,0
DA:169,0
DA:181,0
DA:182,0
DA:184,0
DA:185,0
DA:187,0
DA:218,0
DA:251,0
DA:254,0
DA:255,0
DA:258,0
DA:259,0
DA:260,0
DA:261,0
DA:264,0
DA:271,0
DA:272,0
DA:276,0
DA:278,0
DA:282,0
DA:287,0
DA:291,0
DA:301,0
DA:302,0
DA:305,0
DA:306,0
DA:318,0
DA:320,0
DA:325,0
DA:326,0
DA:337,0
DA:345,0
DA:365,0
DA:367,0
DA:368,0
DA:370,0
DA:372,0
DA:374,0
DA:376,0
DA:378,0
DA:382,0
DA:383,0
DA:385,0
DA:387,0
DA:389,0
DA:391,0
DA:393,0
DA:636,0
DA:700,0
DA:755,0
LF:98
LH:0
BRDA:80,0,0,0
BRDA:80,0,1,0
BRDA:81,1,0,0
BRDA:81,1,1,0
BRDA:82,2,0,0
BRDA:82,2,1,0
BRDA:84,3,0,0
BRDA:84,3,1,0
BRDA:90,4,0,0
BRDA:90,4,1,0
BRDA:96,5,0,0
BRDA:96,5,1,0
BRDA:123,6,0,0
BRDA:123,6,1,0
BRDA:123,7,0,0
BRDA:123,7,1,0
BRDA:143,8,0,0
BRDA:143,8,1,0
BRDA:150,9,0,0
BRDA:150,9,1,0
BRDA:155,10,0,0
BRDA:155,10,1,0
BRDA:171,11,0,0
BRDA:171,11,1,0
BRDA:172,12,0,0
BRDA:172,12,1,0
BRDA:181,13,0,0
BRDA:181,13,1,0
BRDA:182,14,0,0
BRDA:182,14,1,0
BRDA:220,15,0,0
BRDA:220,15,1,0
BRDA:234,16,0,0
BRDA:234,16,1,0
BRDA:261,17,0,0
BRDA:261,17,1,0
BRDA:272,18,0,0
BRDA:272,18,1,0
BRDA:278,19,0,0
BRDA:278,19,1,0
BRDA:278,20,0,0
BRDA:278,20,1,0
BRDA:282,21,0,0
BRDA:282,21,1,0
BRDA:283,22,0,0
BRDA:283,22,1,0
BRDA:283,22,2,0
BRDA:301,23,0,0
BRDA:301,23,1,0
BRDA:302,24,0,0
BRDA:302,24,1,0
BRDA:305,25,0,0
BRDA:305,25,1,0
BRDA:318,26,0,0
BRDA:318,26,1,0
BRDA:320,27,0,0
BRDA:320,27,1,0
BRDA:325,28,0,0
BRDA:325,28,1,0
BRDA:325,29,0,0
BRDA:325,29,1,0
BRDA:345,30,0,0
BRDA:345,30,1,0
BRDA:368,31,0,0
BRDA:368,31,1,0
BRDA:368,31,2,0
BRDA:368,31,3,0
BRDA:368,31,4,0
BRDA:383,32,0,0
BRDA:383,32,1,0
BRDA:383,32,2,0
BRDA:383,32,3,0
BRDA:383,32,4,0
BRDA:403,33,0,0
BRDA:403,33,1,0
BRDA:411,34,0,0
BRDA:411,34,1,0
BRDA:411,35,0,0
BRDA:411,35,1,0
BRF:79
BRH:0
end_of_record
TN:
SF:src\app\(dashboard)\configuracion\layout.tsx
FN:13,ConfiguracionLayout
FNF:1
FNH:0
FNDA:0,ConfiguracionLayout
DA:4,0
DA:13,0
DA:14,0
LF:3
LH:0
BRF:0
BRH:0
end_of_record
TN:
SF:src\app\(dashboard)\configuracion\page.tsx
FN:9,ConfiguracionIndexPage
FNF:1
FNH:0
FNDA:0,ConfiguracionIndexPage
DA:3,0
DA:4,0
DA:5,0
DA:6,0
DA:7,0
DA:9,0
DA:10,0
DA:11,0
DA:13,0
LF:9
LH:0
BRDA:13,0,0,0
BRDA:13,0,1,0
BRF:2
BRH:0
end_of_record
TN:
SF:src\app\(dashboard)\configuracion\fincas\layout.tsx
FN:13,FincasLayout
FNF:1
FNH:0
FNDA:0,FincasLayout
DA:4,0
DA:13,0
DA:14,0
LF:3
LH:0
BRF:0
BRH:0
end_of_record
TN:
SF:src\app\(dashboard)\configuracion\fincas\page.tsx
FN:19,FincasPage
FN:24,(anonymous_2)
FN:58,(anonymous_3)
FN:63,(anonymous_4)
FN:68,(anonymous_5)
FN:68,(anonymous_6)
FN:71,(anonymous_7)
FN:71,(anonymous_8)
FN:74,(anonymous_9)
FN:74,(anonymous_10)
FN:94,(anonymous_11)
FN:99,(anonymous_12)
FN:104,(anonymous_13)
FN:106,(anonymous_14)
FNF:14
FNH:0
FNDA:0,FincasPage
FNDA:0,(anonymous_2)
FNDA:0,(anonymous_3)
FNDA:0,(anonymous_4)
FNDA:0,(anonymous_5)
FNDA:0,(anonymous_6)
FNDA:0,(anonymous_7)
FNDA:0,(anonymous_8)
FNDA:0,(anonymous_9)
FNDA:0,(anonymous_10)
FNDA:0,(anonymous_11)
FNDA:0,(anonymous_12)
FNDA:0,(anonymous_13)
FNDA:0,(anonymous_14)
DA:3,0
DA:4,0
DA:11,0
DA:12,0
DA:13,0
DA:15,0
DA:16,0
DA:17,0
DA:19,0
DA:20,0
DA:21,0
DA:22,0
DA:24,0
DA:25,0
DA:26,0
DA:28,0
DA:29,0
DA:32,0
DA:46,0
DA:47,0
DA:50,0
DA:51,0
DA:53,0
DA:54,0
DA:58,0
DA:59,0
DA:60,0
DA:63,0
DA:64,0
DA:67,0
DA:68,0
DA:71,0
DA:74,0
DA:77,0
DA:78,0
DA:81,0
DA:85,0
DA:86,0
DA:89,0
DA:90,0
DA:94,0
DA:95,0
DA:96,0
DA:99,0
DA:100,0
DA:101,0
DA:104,0
DA:105,0
DA:106,0
DA:109,0
LF:50
LH:0
BRDA:26,0,0,0
BRDA:26,0,1,0
BRDA:34,1,0,0
BRDA:34,1,1,0
BRDA:35,2,0,0
BRDA:35,2,1,0
BRDA:36,3,0,0
BRDA:36,3,1,0
BRDA:37,4,0,0
BRDA:37,4,1,0
BRDA:38,5,0,0
BRDA:38,5,1,0
BRDA:39,6,0,0
BRDA:39,6,1,0
BRDA:67,7,0,0
BRDA:67,7,1,0
BRDA:67,7,2,0
BRDA:77,8,0,0
BRDA:77,8,1,0
BRDA:106,9,0,0
BRDA:106,9,1,0
BRDA:122,10,0,0
BRDA:177,11,0,0
BRDA:177,11,1,0
BRDA:202,12,0,0
BRF:25
BRH:0
end_of_record
TN:
SF:src\app\(dashboard)\configuracion\permisos\layout.tsx
FN:13,PermisosLayout
FNF:1
FNH:0
FNDA:0,PermisosLayout
DA:4,0
DA:13,0
DA:14,0
LF:3
LH:0
BRF:0
BRH:0
end_of_record
TN:
SF:src\app\(dashboard)\configuracion\permisos\page.tsx
FN:5,PermisosPage
FNF:1
FNH:0
FNDA:0,PermisosPage
DA:1,0
DA:2,0
DA:3,0
DA:5,0
LF:4
LH:0
BRF:0
BRH:0
end_of_record
TN:
SF:src\app\(dashboard)\configuracion\usuarios\layout.tsx
FN:13,UsuariosLayout
FNF:1
FNH:0
FNDA:0,UsuariosLayout
DA:4,0
DA:13,0
DA:14,0
LF:3
LH:0
BRF:0
BRH:0
end_of_record
TN:
SF:src\app\(dashboard)\configuracion\usuarios\page.tsx
FN:19,UsuariosPage
FN:24,(anonymous_2)
FN:55,(anonymous_3)
FN:60,(anonymous_4)
FN:70,(anonymous_5)
FN:87,(anonymous_6)
FN:97,(anonymous_7)
FN:100,(anonymous_8)
FN:121,(anonymous_9)
FN:126,(anonymous_10)
FN:198,(anonymous_11)
FN:207,(anonymous_12)
FN:216,(anonymous_13)
FN:232,(anonymous_14)
FN:233,(anonymous_15)
FNF:15
FNH:0
FNDA:0,UsuariosPage
FNDA:0,(anonymous_2)
FNDA:0,(anonymous_3)
FNDA:0,(anonymous_4)
FNDA:0,(anonymous_5)
FNDA:0,(anonymous_6)
FNDA:0,(anonymous_7)
FNDA:0,(anonymous_8)
FNDA:0,(anonymous_9)
FNDA:0,(anonymous_10)
FNDA:0,(anonymous_11)
FNDA:0,(anonymous_12)
FNDA:0,(anonymous_13)
FNDA:0,(anonymous_14)
FNDA:0,(anonymous_15)
DA:3,0
DA:4,0
DA:5,0
DA:12,0
DA:13,0
DA:14,0
DA:16,0
DA:17,0
DA:19,0
DA:20,0
DA:21,0
DA:22,0
DA:24,0
DA:25,0
DA:26,0
DA:28,0
DA:29,0
DA:32,0
DA:43,0
DA:44,0
DA:47,0
DA:48,0
DA:50,0
DA:51,0
DA:55,0
DA:56,0
DA:57,0
DA:60,0
DA:61,0
DA:63,0
DA:64,0
DA:65,0
DA:69,0
DA:70,0
DA:73,0
DA:74,0
DA:75,0
DA:79,0
DA:80,0
DA:82,0
DA:83,0
DA:87,0
DA:88,0
DA:90,0
DA:91,0
DA:92,0
DA:96,0
DA:97,0
DA:98,0
DA:99,0
DA:100,0
DA:103,0
DA:104,0
DA:105,0
DA:111,0
DA:112,0
DA:116,0
DA:117,0
DA:121,0
DA:122,0
DA:123,0
DA:126,0
DA:127,0
DA:128,0
DA:132,0
DA:133,0
DA:135,0
DA:198,0
DA:207,0
DA:216,0
DA:232,0
DA:233,0
LF:72
LH:0
BRDA:26,0,0,0
BRDA:26,0,1,0
BRDA:34,1,0,0
BRDA:34,1,1,0
BRDA:35,2,0,0
BRDA:35,2,1,0
BRDA:36,3,0,0
BRDA:36,3,1,0
BRDA:37,4,0,0
BRDA:37,4,1,0
BRDA:38,5,0,0
BRDA:38,5,1,0
BRDA:63,6,0,0
BRDA:63,6,1,0
BRDA:70,7,0,0
BRDA:70,7,1,0
BRDA:70,7,2,0
BRDA:73,8,0,0
BRDA:73,8,1,0
BRDA:90,9,0,0
BRDA:90,9,1,0
BRDA:96,10,0,0
BRDA:96,10,1,0
BRDA:98,11,0,0
BRDA:98,11,1,0
BRDA:100,12,0,0
BRDA:100,12,1,0
BRDA:100,12,2,0
BRDA:103,13,0,0
BRDA:103,13,1,0
BRDA:113,14,0,0
BRDA:113,14,1,0
BRDA:135,15,0,0
BRDA:135,15,1,0
BRDA:176,16,0,0
BRDA:176,16,1,0
BRDA:238,17,0,0
BRF:37
BRH:0
end_of_record
TN:
SF:src\app\(dashboard)\dashboard\layout.tsx
FN:20,DashboardSectionLayout
FNF:1
FNH:0
FNDA:0,DashboardSectionLayout
DA:4,0
DA:20,0
DA:21,0
LF:3
LH:0
BRF:0
BRH:0
end_of_record
TN:
SF:src\app\(dashboard)\dashboard\page.tsx
FN:14,DashboardPage
FN:18,(anonymous_2)
FN:20,(anonymous_3)
FN:27,(anonymous_4)
FN:31,(anonymous_5)
FN:34,(anonymous_6)
FN:35,(anonymous_7)
FN:37,(anonymous_8)
FNF:8
FNH:0
FNDA:0,DashboardPage
FNDA:0,(anonymous_2)
FNDA:0,(anonymous_3)
FNDA:0,(anonymous_4)
FNDA:0,(anonymous_5)
FNDA:0,(anonymous_6)
FNDA:0,(anonymous_7)
FNDA:0,(anonymous_8)
DA:3,0
DA:4,0
DA:5,0
DA:6,0
DA:7,0
DA:8,0
DA:9,0
DA:10,0
DA:11,0
DA:12,0
DA:14,0
DA:15,0
DA:18,0
DA:19,0
DA:20,0
DA:21,0
DA:24,0
DA:26,0
DA:27,0
DA:30,0
DA:31,0
DA:34,0
DA:35,0
DA:36,0
DA:37,0
LF:25
LH:0
BRDA:19,0,0,0
BRDA:19,0,1,0
BRDA:20,1,0,0
BRDA:20,1,1,0
BRDA:21,2,0,0
BRDA:21,2,1,0
BRDA:24,3,0,0
BRDA:24,3,1,0
BRDA:27,4,0,0
BRDA:27,4,1,0
BRDA:31,5,0,0
BRDA:31,5,1,0
BRDA:34,6,0,0
BRDA:34,6,1,0
BRDA:37,7,0,0
BRDA:37,7,1,0
BRDA:37,8,0,0
BRDA:37,8,1,0
BRDA:45,9,0,0
BRDA:45,9,1,0
BRDA:53,10,0,0
BRDA:53,10,1,0
BRDA:53,11,0,0
BRDA:53,11,1,0
BRF:24
BRH:0
end_of_record
TN:
SF:src\app\(dashboard)\inventario\layout.tsx
FN:13,InventarioLayout
FNF:1
FNH:0
FNDA:0,InventarioLayout
DA:4,0
DA:13,0
DA:14,0
LF:3
LH:0
BRF:0
BRH:0
end_of_record
TN:
SF:src\app\(dashboard)\inventario\alertas\layout.tsx
FN:13,InventarioAlertasLayout
FNF:1
FNH:0
FNDA:0,InventarioAlertasLayout
DA:4,0
DA:13,0
DA:14,0
LF:3
LH:0
BRF:0
BRH:0
end_of_record
TN:
SF:src\app\(dashboard)\inventario\alertas\page.tsx
FN:20,AlertasInventarioPage
FN:35,(anonymous_2)
FN:36,(anonymous_3)
FN:37,(anonymous_4)
FN:60,(anonymous_5)
FN:61,(anonymous_6)
FN:62,(anonymous_7)
FN:63,(anonymous_8)
FN:64,(anonymous_9)
FN:83,(anonymous_10)
FN:94,(anonymous_11)
FN:105,(anonymous_12)
FN:120,(anonymous_13)
FN:135,(anonymous_14)
FN:148,(anonymous_15)
FN:164,(anonymous_16)
FN:196,(anonymous_17)
FN:206,(anonymous_18)
FN:247,(anonymous_19)
FN:247,(anonymous_20)
FN:249,(anonymous_21)
FN:251,(anonymous_22)
FN:257,(anonymous_23)
FN:257,(anonymous_24)
FN:274,(anonymous_25)
FN:276,(anonymous_26)
FNF:26
FNH:0
FNDA:0,AlertasInventarioPage
FNDA:0,(anonymous_2)
FNDA:0,(anonymous_3)
FNDA:0,(anonymous_4)
FNDA:0,(anonymous_5)
FNDA:0,(anonymous_6)
FNDA:0,(anonymous_7)
FNDA:0,(anonymous_8)
FNDA:0,(anonymous_9)
FNDA:0,(anonymous_10)
FNDA:0,(anonymous_11)
FNDA:0,(anonymous_12)
FNDA:0,(anonymous_13)
FNDA:0,(anonymous_14)
FNDA:0,(anonymous_15)
FNDA:0,(anonymous_16)
FNDA:0,(anonymous_17)
FNDA:0,(anonymous_18)
FNDA:0,(anonymous_19)
FNDA:0,(anonymous_20)
FNDA:0,(anonymous_21)
FNDA:0,(anonymous_22)
FNDA:0,(anonymous_23)
FNDA:0,(anonymous_24)
FNDA:0,(anonymous_25)
FNDA:0,(anonymous_26)
DA:3,0
DA:4,0
DA:6,0
DA:7,0
DA:8,0
DA:9,0
DA:10,0
DA:11,0
DA:12,0
DA:13,0
DA:14,0
DA:15,0
DA:20,0
DA:21,0
DA:22,0
DA:23,0
DA:24,0
DA:25,0
DA:26,0
DA:27,0
DA:28,0
DA:29,0
DA:30,0
DA:31,0
DA:32,0
DA:33,0
DA:35,0
DA:36,0
DA:37,0
DA:38,0
DA:39,0
DA:40,0
DA:41,0
DA:42,0
DA:43,0
DA:60,0
DA:61,0
DA:62,0
DA:63,0
DA:64,0
DA:65,0
DA:66,0
DA:67,0
DA:68,0
DA:71,0
DA:73,0
DA:76,0
DA:77,0
DA:78,0
DA:79,0
DA:80,0
DA:81,0
DA:83,0
DA:84,0
DA:86,0
DA:88,0
DA:90,0
DA:94,0
DA:95,0
DA:105,0
DA:106,0
DA:108,0
DA:112,0
DA:116,0
DA:120,0
DA:121,0
DA:122,0
DA:123,0
DA:135,0
DA:148,0
DA:165,0
DA:197,0
DA:198,0
DA:201,0
DA:202,0
DA:205,0
DA:206,0
DA:210,0
DA:211,0
DA:212,0
DA:213,0
DA:214,0
DA:215,0
DA:216,0
DA:218,0
DA:247,0
DA:250,0
DA:251,0
DA:257,0
DA:274,0
DA:277,0
DA:278,0
DA:279,0
LF:93
LH:0
BRDA:27,0,0,0
BRDA:27,0,1,0
BRDA:36,1,0,0
BRDA:36,1,1,0
BRDA:38,2,0,0
BRDA:38,2,1,0
BRDA:39,3,0,0
BRDA:39,3,1,0
BRDA:39,4,0,0
BRDA:39,4,1,0
BRDA:40,5,0,0
BRDA:40,5,1,0
BRDA:40,6,0,0
BRDA:40,6,1,0
BRDA:41,7,0,0
BRDA:41,7,1,0
BRDA:41,7,2,0
BRDA:49,8,0,0
BRDA:49,8,1,0
BRDA:50,9,0,0
BRDA:50,9,1,0
BRDA:51,10,0,0
BRDA:51,10,1,0
BRDA:61,11,0,0
BRDA:61,11,1,0
BRDA:62,12,0,0
BRDA:62,12,1,0
BRDA:63,13,0,0
BRDA:63,13,1,0
BRDA:65,14,0,0
BRDA:65,14,1,0
BRDA:66,15,0,0
BRDA:66,15,1,0
BRDA:67,16,0,0
BRDA:67,16,1,0
BRDA:77,17,0,0
BRDA:77,17,1,0
BRDA:77,18,0,0
BRDA:77,18,1,0
BRDA:84,19,0,0
BRDA:84,19,1,0
BRDA:84,19,2,0
BRDA:106,20,0,0
BRDA:106,20,1,0
BRDA:106,20,2,0
BRDA:108,21,0,0
BRDA:108,21,1,0
BRDA:108,22,0,0
BRDA:108,22,1,0
BRDA:112,23,0,0
BRDA:112,23,1,0
BRDA:123,24,0,0
BRDA:123,24,1,0
BRDA:123,24,2,0
BRDA:127,25,0,0
BRDA:127,25,1,0
BRDA:132,26,0,0
BRDA:132,26,1,0
BRDA:132,26,2,0
BRDA:135,27,0,0
BRDA:135,27,1,0
BRDA:142,28,0,0
BRDA:148,29,0,0
BRDA:148,29,1,0
BRDA:148,30,0,0
BRDA:148,30,1,0
BRDA:150,31,0,0
BRDA:150,31,1,0
BRDA:167,32,0,0
BRDA:167,32,1,0
BRDA:198,33,0,0
BRDA:198,33,1,0
BRDA:199,34,0,0
BRDA:199,34,1,0
BRDA:199,35,0,0
BRDA:199,35,1,0
BRDA:201,36,0,0
BRDA:201,36,1,0
BRDA:202,37,0,0
BRDA:202,37,1,0
BRDA:206,38,0,0
BRDA:206,38,1,0
BRDA:206,38,2,0
BRDA:210,39,0,0
BRDA:210,39,1,0
BRDA:211,40,0,0
BRDA:211,40,1,0
BRDA:212,41,0,0
BRDA:212,41,1,0
BRDA:214,42,0,0
BRDA:214,42,1,0
BRDA:230,43,0,0
BRDA:241,44,0,0
BRDA:241,44,1,0
BRDA:243,45,0,0
BRDA:243,45,1,0
BRDA:247,46,0,0
BRDA:247,46,1,0
BRDA:257,47,0,0
BRDA:257,47,1,0
BRDA:277,48,0,0
BRDA:277,48,1,0
BRF:102
BRH:0
end_of_record
TN:
SF:src\app\(dashboard)\inventario\insumos\layout.tsx
FN:13,InventarioInsumosLayout
FNF:1
FNH:0
FNDA:0,InventarioInsumosLayout
DA:4,0
DA:13,0
DA:14,0
LF:3
LH:0
BRF:0
BRH:0
end_of_record
TN:
SF:src\app\(dashboard)\inventario\insumos\page.tsx
FN:9,InsumosPage
FN:12,(anonymous_2)
FN:14,(anonymous_3)
FNF:3
FNH:0
FNDA:0,InsumosPage
FNDA:0,(anonymous_2)
FNDA:0,(anonymous_3)
DA:3,0
DA:4,0
DA:5,0
DA:6,0
DA:7,0
DA:9,0
DA:10,0
DA:12,0
DA:13,0
DA:14,0
DA:15,0
DA:17,0
LF:12
LH:0
BRDA:13,0,0,0
BRDA:13,0,1,0
BRDA:14,1,0,0
BRDA:14,1,1,0
BRDA:15,2,0,0
BRDA:15,2,1,0
BRDA:17,3,0,0
BRDA:17,3,1,0
BRDA:26,4,0,0
BRDA:26,4,1,0
BRDA:34,5,0,0
BRDA:34,5,1,0
BRDA:34,6,0,0
BRDA:34,6,1,0
BRF:14
BRH:0
end_of_record
TN:
SF:src\app\(dashboard)\inventario\movimientos\layout.tsx
FN:13,InventarioMovimientosLayout
FNF:1
FNH:0
FNDA:0,InventarioMovimientosLayout
DA:4,0
DA:13,0
DA:14,0
LF:3
LH:0
BRF:0
BRH:0
end_of_record
TN:
SF:src\app\(dashboard)\inventario\movimientos\page.tsx
FN:9,MovimientosPage
FN:12,(anonymous_2)
FN:14,(anonymous_3)
FNF:3
FNH:0
FNDA:0,MovimientosPage
FNDA:0,(anonymous_2)
FNDA:0,(anonymous_3)
DA:3,0
DA:4,0
DA:5,0
DA:6,0
DA:7,0
DA:9,0
DA:10,0
DA:12,0
DA:13,0
DA:14,0
DA:15,0
DA:17,0
LF:12
LH:0
BRDA:13,0,0,0
BRDA:13,0,1,0
BRDA:14,1,0,0
BRDA:14,1,1,0
BRDA:15,2,0,0
BRDA:15,2,1,0
BRDA:17,3,0,0
BRDA:17,3,1,0
BRDA:26,4,0,0
BRDA:26,4,1,0
BRDA:34,5,0,0
BRDA:34,5,1,0
BRDA:34,6,0,0
BRDA:34,6,1,0
BRF:14
BRH:0
end_of_record
TN:
SF:src\app\(dashboard)\nomina\layout.tsx
FN:13,NominaLayout
FNF:1
FNH:0
FNDA:0,NominaLayout
DA:4,0
DA:13,0
DA:14,0
LF:3
LH:0
BRF:0
BRH:0
end_of_record
TN:
SF:src\app\(dashboard)\nomina\empleados\layout.tsx
FN:13,NominaEmpleadosLayout
FNF:1
FNH:0
FNDA:0,NominaEmpleadosLayout
DA:4,0
DA:13,0
DA:14,0
LF:3
LH:0
BRF:0
BRH:0
end_of_record
TN:
SF:src\app\(dashboard)\nomina\empleados\page.tsx
FN:4,EmpleadosPage
FNF:1
FNH:0
FNDA:0,EmpleadosPage
DA:1,0
DA:2,0
DA:4,0
LF:3
LH:0
BRF:0
BRH:0
end_of_record
TN:
SF:src\app\(dashboard)\nomina\prestamos\layout.tsx
FN:13,NominaPrestamosLayout
FNF:1
FNH:0
FNDA:0,NominaPrestamosLayout
DA:4,0
DA:13,0
DA:14,0
LF:3
LH:0
BRF:0
BRH:0
end_of_record
TN:
SF:src\app\(dashboard)\nomina\prestamos\page.tsx
FN:4,PrestamosPage
FNF:1
FNH:0
FNDA:0,PrestamosPage
DA:1,0
DA:2,0
DA:4,0
LF:3
LH:0
BRF:0
BRH:0
end_of_record
TN:
SF:src\app\(dashboard)\nomina\roles\layout.tsx
FN:13,NominaRolesLayout
FNF:1
FNH:0
FNDA:0,NominaRolesLayout
DA:4,0
DA:13,0
DA:14,0
LF:3
LH:0
BRF:0
BRH:0
end_of_record
TN:
SF:src\app\(dashboard)\nomina\roles\page.tsx
FN:4,RolesPagoPage
FNF:1
FNH:0
FNDA:0,RolesPagoPage
DA:1,0
DA:2,0
DA:4,0
LF:3
LH:0
BRF:0
BRH:0
end_of_record
TN:
SF:src\app\(dashboard)\perfil\layout.tsx
FN:13,PerfilLayout
FNF:1
FNH:0
FNDA:0,PerfilLayout
DA:4,0
DA:13,0
DA:14,0
LF:3
LH:0
BRF:0
BRH:0
end_of_record
TN:
SF:src\app\(dashboard)\perfil\page.tsx
FN:15,PerfilPage
FN:25,(anonymous_2)
FN:70,(anonymous_3)
FN:74,(anonymous_4)
FN:113,(anonymous_5)
FN:117,(anonymous_6)
FN:121,(anonymous_7)
FN:125,(anonymous_8)
FN:136,(anonymous_9)
FN:139,(anonymous_10)
FN:148,(anonymous_11)
FNF:11
FNH:0
FNDA:0,PerfilPage
FNDA:0,(anonymous_2)
FNDA:0,(anonymous_3)
FNDA:0,(anonymous_4)
FNDA:0,(anonymous_5)
FNDA:0,(anonymous_6)
FNDA:0,(anonymous_7)
FNDA:0,(anonymous_8)
FNDA:0,(anonymous_9)
FNDA:0,(anonymous_10)
FNDA:0,(anonymous_11)
DA:3,0
DA:4,0
DA:5,0
DA:6,0
DA:7,0
DA:8,0
DA:9,0
DA:10,0
DA:11,0
DA:12,0
DA:13,0
DA:15,0
DA:16,0
DA:17,0
DA:18,0
DA:19,0
DA:20,0
DA:21,0
DA:22,0
DA:23,0
DA:25,0
DA:26,0
DA:27,0
DA:28,0
DA:39,0
DA:48,0
DA:56,0
DA:59,0
DA:61,0
DA:62,0
DA:70,0
DA:71,0
DA:72,0
DA:73,0
DA:74,0
DA:75,0
DA:76,0
DA:78,0
DA:113,0
DA:117,0
DA:121,0
DA:125,0
DA:136,0
DA:139,0
DA:148,0
LF:45
LH:0
BRDA:18,0,0,0
BRDA:18,0,1,0
BRDA:19,1,0,0
BRDA:19,1,1,0
BRDA:20,2,0,0
BRDA:20,2,1,0
BRDA:21,3,0,0
BRDA:21,3,1,0
BRDA:26,4,0,0
BRDA:26,4,1,0
BRDA:31,5,0,0
BRDA:31,5,1,0
BRDA:71,6,0,0
BRDA:71,6,1,0
BRDA:95,7,0,0
BRDA:95,7,1,0
BRDA:96,8,0,0
BRDA:96,8,1,0
BRDA:101,9,0,0
BRDA:137,10,0,0
BRF:20
BRH:0
end_of_record
TN:
SF:src\app\(dashboard)\produccion\layout.tsx
FN:13,ProduccionLayout
FNF:1
FNH:0
FNDA:0,ProduccionLayout
DA:4,0
DA:13,0
DA:14,0
LF:3
LH:0
BRF:0
BRH:0
end_of_record
TN:
SF:src\app\(dashboard)\produccion\cosechas\layout.tsx
FN:13,ProduccionCosechasLayout
FNF:1
FNH:0
FNDA:0,ProduccionCosechasLayout
DA:4,0
DA:13,0
DA:14,0
LF:3
LH:0
BRF:0
BRH:0
end_of_record
TN:
SF:src\app\(dashboard)\produccion\cosechas\page.tsx
FN:9,CosechasPage
FN:12,(anonymous_2)
FN:14,(anonymous_3)
FNF:3
FNH:0
FNDA:0,CosechasPage
FNDA:0,(anonymous_2)
FNDA:0,(anonymous_3)
DA:3,0
DA:4,0
DA:5,0
DA:6,0
DA:7,0
DA:9,0
DA:10,0
DA:12,0
DA:13,0
DA:14,0
DA:15,0
DA:17,0
LF:12
LH:0
BRDA:13,0,0,0
BRDA:13,0,1,0
BRDA:14,1,0,0
BRDA:14,1,1,0
BRDA:15,2,0,0
BRDA:15,2,1,0
BRDA:17,3,0,0
BRDA:17,3,1,0
BRDA:26,4,0,0
BRDA:26,4,1,0
BRDA:34,5,0,0
BRDA:34,5,1,0
BRDA:34,6,0,0
BRDA:34,6,1,0
BRF:14
BRH:0
end_of_record
TN:
SF:src\app\(dashboard)\produccion\enfundes\layout.tsx
FN:13,ProduccionEnfundesLayout
FNF:1
FNH:0
FNDA:0,ProduccionEnfundesLayout
DA:4,0
DA:13,0
DA:14,0
LF:3
LH:0
BRF:0
BRH:0
end_of_record
TN:
SF:src\app\(dashboard)\produccion\enfundes\page.tsx
FN:9,EnfundesPage
FN:12,(anonymous_2)
FN:14,(anonymous_3)
FNF:3
FNH:0
FNDA:0,EnfundesPage
FNDA:0,(anonymous_2)
FNDA:0,(anonymous_3)
DA:3,0
DA:4,0
DA:5,0
DA:6,0
DA:7,0
DA:9,0
DA:10,0
DA:12,0
DA:13,0
DA:14,0
DA:15,0
DA:17,0
LF:12
LH:0
BRDA:13,0,0,0
BRDA:13,0,1,0
BRDA:14,1,0,0
BRDA:14,1,1,0
BRDA:15,2,0,0
BRDA:15,2,1,0
BRDA:17,3,0,0
BRDA:17,3,1,0
BRDA:26,4,0,0
BRDA:26,4,1,0
BRDA:34,5,0,0
BRDA:34,5,1,0
BRDA:34,6,0,0
BRDA:34,6,1,0
BRF:14
BRH:0
end_of_record
TN:
SF:src\app\(dashboard)\produccion\recuperacion\layout.tsx
FN:13,ProduccionRecuperacionLayout
FNF:1
FNH:0
FNDA:0,ProduccionRecuperacionLayout
DA:4,0
DA:13,0
DA:14,0
LF:3
LH:0
BRF:0
BRH:0
end_of_record
TN:
SF:src\app\(dashboard)\produccion\recuperacion\page.tsx
FN:9,RecuperacionPage
FN:12,(anonymous_2)
FN:14,(anonymous_3)
FNF:3
FNH:0
FNDA:0,RecuperacionPage
FNDA:0,(anonymous_2)
FNDA:0,(anonymous_3)
DA:3,0
DA:4,0
DA:5,0
DA:6,0
DA:7,0
DA:9,0
DA:10,0
DA:12,0
DA:13,0
DA:14,0
DA:15,0
DA:17,0
LF:12
LH:0
BRDA:13,0,0,0
BRDA:13,0,1,0
BRDA:14,1,0,0
BRDA:14,1,1,0
BRDA:15,2,0,0
BRDA:15,2,1,0
BRDA:17,3,0,0
BRDA:17,3,1,0
BRDA:26,4,0,0
BRDA:26,4,1,0
BRDA:34,5,0,0
BRDA:34,5,1,0
BRDA:34,6,0,0
BRDA:34,6,1,0
BRF:14
BRH:0
end_of_record
TN:
SF:src\app\(dashboard)\reportes\layout.tsx
FN:13,ReportesLayout
FNF:1
FNH:0
FNDA:0,ReportesLayout
DA:4,0
DA:13,0
DA:14,0
LF:3
LH:0
BRF:0
BRH:0
end_of_record
TN:
SF:src\app\(dashboard)\reportes\loading.tsx
FN:1,Loading
FNF:1
FNH:0
FNDA:0,Loading
DA:1,0
DA:2,0
LF:2
LH:0
BRF:0
BRH:0
end_of_record
TN:
SF:src\app\(dashboard)\reportes\page.tsx
FN:28,ReportesPage
FN:33,(anonymous_2)
FN:35,(anonymous_3)
FN:40,(anonymous_4)
FN:41,(anonymous_5)
FN:44,(anonymous_6)
FN:73,(anonymous_7)
FN:74,(anonymous_8)
FN:76,(anonymous_9)
FN:83,(anonymous_10)
FN:84,(anonymous_11)
FN:86,(anonymous_12)
FN:87,(anonymous_13)
FN:89,(anonymous_14)
FN:90,(anonymous_15)
FN:92,(anonymous_16)
FN:93,(anonymous_17)
FN:98,(anonymous_18)
FN:99,(anonymous_19)
FN:100,(anonymous_20)
FN:104,(anonymous_21)
FN:105,(anonymous_22)
FN:108,(anonymous_23)
FN:109,(anonymous_24)
FN:111,(anonymous_25)
FN:112,(anonymous_26)
FN:114,(anonymous_27)
FN:115,(anonymous_28)
FN:117,(anonymous_29)
FN:118,(anonymous_30)
FN:122,(anonymous_31)
FN:127,(anonymous_32)
FN:128,(anonymous_33)
FN:130,(anonymous_34)
FN:131,(anonymous_35)
FN:133,(anonymous_36)
FN:134,(anonymous_37)
FN:136,(anonymous_38)
FN:137,(anonymous_39)
FN:142,(anonymous_40)
FN:148,(anonymous_41)
FN:156,(anonymous_42)
FN:164,(anonymous_43)
FNF:43
FNH:0
FNDA:0,ReportesPage
FNDA:0,(anonymous_2)
FNDA:0,(anonymous_3)
FNDA:0,(anonymous_4)
FNDA:0,(anonymous_5)
FNDA:0,(anonymous_6)
FNDA:0,(anonymous_7)
FNDA:0,(anonymous_8)
FNDA:0,(anonymous_9)
FNDA:0,(anonymous_10)
FNDA:0,(anonymous_11)
FNDA:0,(anonymous_12)
FNDA:0,(anonymous_13)
FNDA:0,(anonymous_14)
FNDA:0,(anonymous_15)
FNDA:0,(anonymous_16)
FNDA:0,(anonymous_17)
FNDA:0,(anonymous_18)
FNDA:0,(anonymous_19)
FNDA:0,(anonymous_20)
FNDA:0,(anonymous_21)
FNDA:0,(anonymous_22)
FNDA:0,(anonymous_23)
FNDA:0,(anonymous_24)
FNDA:0,(anonymous_25)
FNDA:0,(anonymous_26)
FNDA:0,(anonymous_27)
FNDA:0,(anonymous_28)
FNDA:0,(anonymous_29)
FNDA:0,(anonymous_30)
FNDA:0,(anonymous_31)
FNDA:0,(anonymous_32)
FNDA:0,(anonymous_33)
FNDA:0,(anonymous_34)
FNDA:0,(anonymous_35)
FNDA:0,(anonymous_36)
FNDA:0,(anonymous_37)
FNDA:0,(anonymous_38)
FNDA:0,(anonymous_39)
FNDA:0,(anonymous_40)
FNDA:0,(anonymous_41)
FNDA:0,(anonymous_42)
FNDA:0,(anonymous_43)
DA:3,0
DA:4,0
DA:10,0
DA:17,0
DA:18,0
DA:19,0
DA:20,0
DA:21,0
DA:22,0
DA:23,0
DA:24,0
DA:25,0
DA:26,0
DA:28,0
DA:29,0
DA:30,0
DA:31,0
DA:33,0
DA:34,0
DA:35,0
DA:36,0
DA:38,0
DA:40,0
DA:41,0
DA:44,0
DA:45,0
DA:46,0
DA:47,0
DA:48,0
DA:49,0
DA:51,0
DA:53,0
DA:54,0
DA:55,0
DA:58,0
DA:73,0
DA:74,0
DA:75,0
DA:76,0
DA:77,0
DA:78,0
DA:80,0
DA:83,0
DA:84,0
DA:86,0
DA:87,0
DA:89,0
DA:90,0
DA:92,0
DA:93,0
DA:98,0
DA:99,0
DA:100,0
DA:104,0
DA:105,0
DA:108,0
DA:109,0
DA:111,0
DA:112,0
DA:114,0
DA:115,0
DA:117,0
DA:118,0
DA:122,0
DA:123,0
DA:127,0
DA:128,0
DA:130,0
DA:131,0
DA:133,0
DA:134,0
DA:136,0
DA:137,0
DA:142,0
DA:143,0
DA:144,0
DA:145,0
DA:148,0
DA:149,0
DA:150,0
DA:151,0
DA:152,0
DA:153,0
DA:156,0
DA:157,0
DA:158,0
DA:159,0
DA:160,0
DA:161,0
DA:164,0
DA:165,0
DA:166,0
DA:167,0
DA:168,0
DA:169,0
LF:95
LH:0
BRDA:34,0,0,0
BRDA:34,0,1,0
BRDA:35,1,0,0
BRDA:35,1,1,0
BRDA:36,2,0,0
BRDA:36,2,1,0
BRDA:38,3,0,0
BRDA:38,3,1,0
BRDA:48,4,0,0
BRDA:48,4,1,0
BRDA:108,5,0,0
BRDA:108,5,1,0
BRDA:111,6,0,0
BRDA:111,6,1,0
BRDA:114,7,0,0
BRDA:114,7,1,0
BRDA:117,8,0,0
BRDA:117,8,1,0
BRDA:143,9,0,0
BRDA:143,9,1,0
BRDA:144,10,0,0
BRDA:144,10,1,0
BRDA:149,11,0,0
BRDA:149,11,1,0
BRDA:151,12,0,0
BRDA:151,12,1,0
BRDA:157,13,0,0
BRDA:157,13,1,0
BRDA:159,14,0,0
BRDA:159,14,1,0
BRDA:165,15,0,0
BRDA:165,15,1,0
BRDA:167,16,0,0
BRDA:167,16,1,0
BRDA:221,17,0,0
BRDA:221,17,1,0
BRDA:229,18,0,0
BRDA:229,18,1,0
BRDA:229,19,0,0
BRDA:229,19,1,0
BRF:40
BRH:0
end_of_record
TN:
SF:src\app\(dashboard)\reportes\financiero\layout.tsx
FN:13,ReportesFinancieroLayout
FNF:1
FNH:0
FNDA:0,ReportesFinancieroLayout
DA:4,0
DA:13,0
DA:14,0
LF:3
LH:0
BRF:0
BRH:0
end_of_record
TN:
SF:src\app\(dashboard)\reportes\financiero\page.tsx
FN:52,(anonymous_1)
FN:61,ReportesFinancieroPage
FN:66,(anonymous_3)
FN:68,(anonymous_4)
FN:89,(anonymous_5)
FN:91,(anonymous_6)
FN:92,(anonymous_7)
FN:115,(anonymous_8)
FN:150,(anonymous_9)
FN:155,(anonymous_10)
FN:327,(anonymous_11)
FN:356,(anonymous_12)
FN:360,(anonymous_13)
FN:367,(anonymous_14)
FN:396,(anonymous_15)
FN:397,(anonymous_16)
FN:399,(anonymous_17)
FNF:17
FNH:0
FNDA:0,(anonymous_1)
FNDA:0,ReportesFinancieroPage
FNDA:0,(anonymous_3)
FNDA:0,(anonymous_4)
FNDA:0,(anonymous_5)
FNDA:0,(anonymous_6)
FNDA:0,(anonymous_7)
FNDA:0,(anonymous_8)
FNDA:0,(anonymous_9)
FNDA:0,(anonymous_10)
FNDA:0,(anonymous_11)
FNDA:0,(anonymous_12)
FNDA:0,(anonymous_13)
FNDA:0,(anonymous_14)
FNDA:0,(anonymous_15)
FNDA:0,(anonymous_16)
FNDA:0,(anonymous_17)
DA:3,0
DA:5,0
DA:6,0
DA:7,0
DA:8,0
DA:9,0
DA:10,0
DA:11,0
DA:12,0
DA:13,0
DA:14,0
DA:15,0
DA:16,0
DA:17,0
DA:24,0
DA:33,0
DA:41,0
DA:42,0
DA:52,0
DA:56,0
DA:58,0
DA:61,0
DA:62,0
DA:63,0
DA:64,0
DA:66,0
DA:67,0
DA:68,0
DA:69,0
DA:71,0
DA:72,0
DA:73,0
DA:74,0
DA:75,0
DA:76,0
DA:77,0
DA:78,0
DA:79,0
DA:80,0
DA:81,0
DA:82,0
DA:83,0
DA:85,0
DA:86,0
DA:87,0
DA:88,0
DA:89,0
DA:91,0
DA:92,0
DA:93,0
DA:94,0
DA:95,0
DA:96,0
DA:97,0
DA:100,0
DA:101,0
DA:102,0
DA:104,0
DA:105,0
DA:107,0
DA:112,0
DA:114,0
DA:115,0
DA:116,0
DA:150,0
DA:155,0
DA:327,0
DA:357,0
DA:360,0
DA:368,0
DA:396,0
DA:397,0
DA:399,0
LF:73
LH:0
BRDA:56,0,0,0
BRDA:56,0,1,0
BRDA:63,1,0,0
BRDA:63,1,1,0
BRDA:67,2,0,0
BRDA:67,2,1,0
BRDA:68,3,0,0
BRDA:68,3,1,0
BRDA:69,4,0,0
BRDA:69,4,1,0
BRDA:71,5,0,0
BRDA:71,5,1,0
BRDA:85,6,0,0
BRDA:85,6,1,0
BRDA:85,7,0,0
BRDA:85,7,1,0
BRDA:86,8,0,0
BRDA:86,8,1,0
BRDA:87,9,0,0
BRDA:87,9,1,0
BRDA:88,10,0,0
BRDA:88,10,1,0
BRDA:89,11,0,0
BRDA:89,11,1,0
BRDA:101,12,0,0
BRDA:101,12,1,0
BRDA:116,13,0,0
BRDA:116,13,1,0
BRDA:121,14,0,0
BRDA:121,14,1,0
BRDA:126,15,0,0
BRDA:126,15,1,0
BRDA:134,16,0,0
BRDA:134,16,1,0
BRDA:134,17,0,0
BRDA:134,17,1,0
BRDA:150,18,0,0
BRDA:150,18,1,0
BRDA:155,19,0,0
BRDA:155,19,1,0
BRDA:161,20,0,0
BRDA:161,20,1,0
BRDA:161,21,0,0
BRDA:161,21,1,0
BRDA:162,22,0,0
BRDA:162,22,1,0
BRDA:164,23,0,0
BRDA:164,23,1,0
BRDA:167,24,0,0
BRDA:167,24,1,0
BRDA:169,25,0,0
BRDA:169,25,1,0
BRDA:172,26,0,0
BRDA:172,26,1,0
BRDA:174,27,0,0
BRDA:174,27,1,0
BRDA:178,28,0,0
BRDA:178,28,1,0
BRDA:344,29,0,0
BRDA:344,29,1,0
BRDA:351,30,0,0
BRDA:351,30,1,0
BRDA:364,31,0,0
BRDA:364,31,1,0
BRDA:405,32,0,0
BRDA:408,33,0,0
BRDA:416,34,0,0
BRDA:416,34,1,0
BRDA:418,35,0,0
BRDA:422,36,0,0
BRDA:422,36,1,0
BRDA:438,37,0,0
BRDA:438,37,1,0
BRF:73
BRH:0
end_of_record
TN:
SF:src\app\(dashboard)\reportes\produccion\layout.tsx
FN:13,ReportesProduccionLayout
FNF:1
FNH:0
FNDA:0,ReportesProduccionLayout
DA:4,0
DA:13,0
DA:14,0
LF:3
LH:0
BRF:0
BRH:0
end_of_record
TN:
SF:src\app\(dashboard)\reportes\produccion\page.tsx
FN:50,ReportesProduccionPage
FN:77,(anonymous_2)
FN:78,(anonymous_3)
FN:79,(anonymous_4)
FN:80,(anonymous_5)
FN:82,(anonymous_6)
FN:82,(anonymous_7)
FN:85,(anonymous_8)
FN:87,(anonymous_9)
FN:88,(anonymous_10)
FN:93,(anonymous_11)
FN:98,(anonymous_12)
FN:99,(anonymous_13)
FN:103,(anonymous_14)
FN:104,(anonymous_15)
FN:108,(anonymous_16)
FN:109,(anonymous_17)
FN:130,(anonymous_18)
FN:132,(anonymous_19)
FN:134,(anonymous_20)
FN:137,(anonymous_21)
FN:139,(anonymous_22)
FN:144,(anonymous_23)
FN:165,(anonymous_24)
FN:170,(anonymous_25)
FN:171,(anonymous_26)
FN:173,(anonymous_27)
FN:174,(anonymous_28)
FN:176,(anonymous_29)
FN:177,(anonymous_30)
FN:179,(anonymous_31)
FN:180,(anonymous_32)
FN:189,(anonymous_33)
FN:190,(anonymous_34)
FN:193,(anonymous_35)
FN:194,(anonymous_36)
FN:196,(anonymous_37)
FN:197,(anonymous_38)
FN:199,(anonymous_39)
FN:200,(anonymous_40)
FN:202,(anonymous_41)
FN:203,(anonymous_42)
FN:207,(anonymous_43)
FN:210,(anonymous_44)
FN:214,(anonymous_45)
FN:232,(anonymous_46)
FN:235,(anonymous_47)
FN:239,(anonymous_48)
FN:253,(anonymous_49)
FN:254,(anonymous_50)
FN:260,(anonymous_51)
FN:261,(anonymous_52)
FN:267,(anonymous_53)
FN:268,(anonymous_54)
FN:274,(anonymous_55)
FN:275,(anonymous_56)
FN:300,(anonymous_57)
FN:314,(anonymous_58)
FN:327,(anonymous_59)
FN:340,(anonymous_60)
FN:370,(anonymous_61)
FN:375,(anonymous_62)
FN:440,(anonymous_63)
FN:500,(anonymous_64)
FN:523,(anonymous_65)
FN:546,(anonymous_66)
FN:578,(anonymous_67)
FN:625,(anonymous_68)
FN:646,(anonymous_69)
FN:683,(anonymous_70)
FN:768,(anonymous_71)
FN:782,(anonymous_72)
FN:808,(anonymous_73)
FN:812,(anonymous_74)
FN:845,(anonymous_75)
FN:859,(anonymous_76)
FN:860,(anonymous_77)
FN:861,(anonymous_78)
FN:861,(anonymous_79)
FN:906,(anonymous_80)
FNF:80
FNH:0
FNDA:0,ReportesProduccionPage
FNDA:0,(anonymous_2)
FNDA:0,(anonymous_3)
FNDA:0,(anonymous_4)
FNDA:0,(anonymous_5)
FNDA:0,(anonymous_6)
FNDA:0,(anonymous_7)
FNDA:0,(anonymous_8)
FNDA:0,(anonymous_9)
FNDA:0,(anonymous_10)
FNDA:0,(anonymous_11)
FNDA:0,(anonymous_12)
FNDA:0,(anonymous_13)
FNDA:0,(anonymous_14)
FNDA:0,(anonymous_15)
FNDA:0,(anonymous_16)
FNDA:0,(anonymous_17)
FNDA:0,(anonymous_18)
FNDA:0,(anonymous_19)
FNDA:0,(anonymous_20)
FNDA:0,(anonymous_21)
FNDA:0,(anonymous_22)
FNDA:0,(anonymous_23)
FNDA:0,(anonymous_24)
FNDA:0,(anonymous_25)
FNDA:0,(anonymous_26)
FNDA:0,(anonymous_27)
FNDA:0,(anonymous_28)
FNDA:0,(anonymous_29)
FNDA:0,(anonymous_30)
FNDA:0,(anonymous_31)
FNDA:0,(anonymous_32)
FNDA:0,(anonymous_33)
FNDA:0,(anonymous_34)
FNDA:0,(anonymous_35)
FNDA:0,(anonymous_36)
FNDA:0,(anonymous_37)
FNDA:0,(anonymous_38)
FNDA:0,(anonymous_39)
FNDA:0,(anonymous_40)
FNDA:0,(anonymous_41)
FNDA:0,(anonymous_42)
FNDA:0,(anonymous_43)
FNDA:0,(anonymous_44)
FNDA:0,(anonymous_45)
FNDA:0,(anonymous_46)
FNDA:0,(anonymous_47)
FNDA:0,(anonymous_48)
FNDA:0,(anonymous_49)
FNDA:0,(anonymous_50)
FNDA:0,(anonymous_51)
FNDA:0,(anonymous_52)
FNDA:0,(anonymous_53)
FNDA:0,(anonymous_54)
FNDA:0,(anonymous_55)
FNDA:0,(anonymous_56)
FNDA:0,(anonymous_57)
FNDA:0,(anonymous_58)
FNDA:0,(anonymous_59)
FNDA:0,(anonymous_60)
FNDA:0,(anonymous_61)
FNDA:0,(anonymous_62)
FNDA:0,(anonymous_63)
FNDA:0,(anonymous_64)
FNDA:0,(anonymous_65)
FNDA:0,(anonymous_66)
FNDA:0,(anonymous_67)
FNDA:0,(anonymous_68)
FNDA:0,(anonymous_69)
FNDA:0,(anonymous_70)
FNDA:0,(anonymous_71)
FNDA:0,(anonymous_72)
FNDA:0,(anonymous_73)
FNDA:0,(anonymous_74)
FNDA:0,(anonymous_75)
FNDA:0,(anonymous_76)
FNDA:0,(anonymous_77)
FNDA:0,(anonymous_78)
FNDA:0,(anonymous_79)
FNDA:0,(anonymous_80)
DA:3,0
DA:9,0
DA:15,0
DA:22,0
DA:23,0
DA:24,0
DA:36,0
DA:37,0
DA:38,0
DA:39,0
DA:40,0
DA:41,0
DA:42,0
DA:50,0
DA:51,0
DA:52,0
DA:53,0
DA:54,0
DA:55,0
DA:56,0
DA:57,0
DA:58,0
DA:59,0
DA:60,0
DA:61,0
DA:64,0
DA:65,0
DA:66,0
DA:67,0
DA:68,0
DA:69,0
DA:70,0
DA:71,0
DA:74,0
DA:77,0
DA:78,0
DA:79,0
DA:80,0
DA:81,0
DA:82,0
DA:85,0
DA:86,0
DA:87,0
DA:88,0
DA:89,0
DA:93,0
DA:94,0
DA:95,0
DA:96,0
DA:97,0
DA:98,0
DA:100,0
DA:101,0
DA:103,0
DA:104,0
DA:108,0
DA:109,0
DA:110,0
DA:111,0
DA:112,0
DA:113,0
DA:114,0
DA:124,0
DA:132,0
DA:133,0
DA:134,0
DA:136,0
DA:137,0
DA:139,0
DA:140,0
DA:144,0
DA:145,0
DA:151,0
DA:165,0
DA:166,0
DA:167,0
DA:170,0
DA:171,0
DA:173,0
DA:174,0
DA:176,0
DA:177,0
DA:179,0
DA:180,0
DA:185,0
DA:186,0
DA:187,0
DA:188,0
DA:189,0
DA:190,0
DA:193,0
DA:194,0
DA:196,0
DA:197,0
DA:199,0
DA:200,0
DA:202,0
DA:203,0
DA:207,0
DA:208,0
DA:209,0
DA:210,0
DA:213,0
DA:214,0
DA:219,0
DA:220,0
DA:221,0
DA:223,0
DA:232,0
DA:233,0
DA:234,0
DA:235,0
DA:238,0
DA:239,0
DA:243,0
DA:250,0
DA:253,0
DA:254,0
DA:260,0
DA:261,0
DA:267,0
DA:268,0
DA:274,0
DA:275,0
DA:281,0
DA:300,0
DA:301,0
DA:302,0
DA:304,0
DA:305,0
DA:307,0
DA:308,0
DA:311,0
DA:314,0
DA:315,0
DA:316,0
DA:318,0
DA:319,0
DA:321,0
DA:322,0
DA:324,0
DA:327,0
DA:328,0
DA:329,0
DA:331,0
DA:332,0
DA:334,0
DA:335,0
DA:337,0
DA:340,0
DA:341,0
DA:342,0
DA:343,0
DA:344,0
DA:370,0
DA:375,0
DA:441,0
DA:500,0
DA:523,0
DA:546,0
DA:578,0
DA:625,0
DA:646,0
DA:683,0
DA:769,0
DA:770,0
DA:771,0
DA:783,0
DA:784,0
DA:785,0
DA:808,0
DA:812,0
DA:845,0
DA:860,0
DA:861,0
DA:906,0
LF:176
LH:0
BRDA:77,0,0,0
BRDA:77,0,1,0
BRDA:77,1,0,0
BRDA:77,1,1,0
BRDA:78,2,0,0
BRDA:78,2,1,0
BRDA:79,3,0,0
BRDA:79,3,1,0
BRDA:80,4,0,0
BRDA:80,4,1,0
BRDA:82,5,0,0
BRDA:82,5,1,0
BRDA:86,6,0,0
BRDA:86,6,1,0
BRDA:100,7,0,0
BRDA:100,7,1,0
BRDA:134,8,0,0
BRDA:134,8,1,0
BRDA:137,9,0,0
BRDA:137,9,1,0
BRDA:140,10,0,0
BRDA:140,10,1,0
BRDA:141,11,0,0
BRDA:141,11,1,0
BRDA:142,12,0,0
BRDA:142,12,1,0
BRDA:145,13,0,0
BRDA:145,13,1,0
BRDA:146,14,0,0
BRDA:146,14,1,0
BRDA:147,15,0,0
BRDA:147,15,1,0
BRDA:170,16,0,0
BRDA:170,16,1,0
BRDA:173,17,0,0
BRDA:173,17,1,0
BRDA:176,18,0,0
BRDA:176,18,1,0
BRDA:179,19,0,0
BRDA:179,19,1,0
BRDA:193,20,0,0
BRDA:193,20,1,0
BRDA:196,21,0,0
BRDA:196,21,1,0
BRDA:199,22,0,0
BRDA:199,22,1,0
BRDA:202,23,0,0
BRDA:202,23,1,0
BRDA:213,24,0,0
BRDA:213,24,1,0
BRDA:238,25,0,0
BRDA:238,25,1,0
BRDA:301,26,0,0
BRDA:301,26,1,0
BRDA:302,27,0,0
BRDA:302,27,1,0
BRDA:304,28,0,0
BRDA:304,28,1,0
BRDA:307,29,0,0
BRDA:307,29,1,0
BRDA:315,30,0,0
BRDA:315,30,1,0
BRDA:316,31,0,0
BRDA:316,31,1,0
BRDA:318,32,0,0
BRDA:318,32,1,0
BRDA:321,33,0,0
BRDA:321,33,1,0
BRDA:328,34,0,0
BRDA:328,34,1,0
BRDA:329,35,0,0
BRDA:329,35,1,0
BRDA:331,36,0,0
BRDA:331,36,1,0
BRDA:334,37,0,0
BRDA:334,37,1,0
BRDA:341,38,0,0
BRDA:341,38,1,0
BRDA:342,39,0,0
BRDA:342,39,1,0
BRDA:343,40,0,0
BRDA:343,40,1,0
BRDA:386,41,0,0
BRDA:386,41,1,0
BRDA:419,42,0,0
BRDA:419,42,1,0
BRDA:426,43,0,0
BRDA:426,43,1,0
BRDA:454,44,0,0
BRDA:454,44,1,0
BRDA:604,45,0,0
BRDA:604,45,1,0
BRDA:671,46,0,0
BRDA:675,47,0,0
BRDA:708,48,0,0
BRDA:708,48,1,0
BRDA:709,49,0,0
BRDA:736,50,0,0
BRDA:736,50,1,0
BRDA:759,51,0,0
BRDA:769,52,0,0
BRDA:769,52,1,0
BRDA:784,53,0,0
BRDA:784,53,1,0
BRDA:860,54,0,0
BRDA:860,54,1,0
BRDA:861,55,0,0
BRDA:861,55,1,0
BRF:108
BRH:0
end_of_record
TN:
SF:src\app\api\precios\route.ts
FN:31,GET
FN:68,(anonymous_2)
FNF:2
FNH:0
FNDA:0,GET
FNDA:0,(anonymous_2)
DA:6,0
DA:22,0
DA:31,0
DA:32,0
DA:33,0
DA:34,0
DA:35,0
DA:36,0
DA:37,0
DA:39,0
DA:40,0
DA:43,0
DA:44,0
DA:50,0
DA:51,0
DA:52,0
DA:54,0
DA:60,0
DA:61,0
DA:64,0
DA:65,0
DA:68,0
DA:69,0
DA:70,0
DA:71,0
DA:75,0
DA:77,0
DA:82,0
DA:83,0
LF:29
LH:0
BRDA:33,0,0,0
BRDA:33,0,1,0
BRDA:34,1,0,0
BRDA:34,1,1,0
BRDA:35,2,0,0
BRDA:35,2,1,0
BRDA:36,3,0,0
BRDA:36,3,1,0
BRDA:37,4,0,0
BRDA:37,4,1,0
BRDA:43,5,0,0
BRDA:43,5,1,0
BRDA:55,6,0,0
BRDA:55,6,1,0
BRDA:60,7,0,0
BRDA:60,7,1,0
BRDA:65,8,0,0
BRDA:65,8,1,0
BRDA:65,9,0,0
BRDA:65,9,1,0
BRDA:70,10,0,0
BRDA:70,10,1,0
BRDA:75,11,0,0
BRDA:75,11,1,0
BRF:24
BRH:0
end_of_record
TN:
SF:src\app\login\error.tsx
FN:6,LoginError
FN:13,(anonymous_2)
FNF:2
FNH:0
FNDA:0,LoginError
FNDA:0,(anonymous_2)
DA:4,0
DA:6,0
DA:13,0
LF:3
LH:0
BRF:0
BRH:0
end_of_record
TN:
SF:src\app\login\layout.tsx
FN:13,LoginLayout
FNF:1
FNH:0
FNDA:0,LoginLayout
DA:4,0
DA:13,0
DA:14,0
LF:3
LH:0
BRF:0
BRH:0
end_of_record
TN:
SF:src\app\login\loading.tsx
FN:5,Loading
FNF:1
FNH:0
FNDA:0,Loading
DA:3,0
DA:5,0
LF:2
LH:0
BRF:0
BRH:0
end_of_record
TN:
SF:src\app\login\page.tsx
FN:17,LoginPage
FN:27,(anonymous_2)
FN:40,(anonymous_3)
FN:46,(anonymous_4)
FN:48,(anonymous_5)
FN:52,(anonymous_6)
FN:53,(anonymous_7)
FN:55,(anonymous_8)
FN:58,(anonymous_9)
FN:104,(anonymous_10)
FN:105,(anonymous_11)
FN:124,(anonymous_12)
FN:125,(anonymous_13)
FNF:13
FNH:0
FNDA:0,LoginPage
FNDA:0,(anonymous_2)
FNDA:0,(anonymous_3)
FNDA:0,(anonymous_4)
FNDA:0,(anonymous_5)
FNDA:0,(anonymous_6)
FNDA:0,(anonymous_7)
FNDA:0,(anonymous_8)
FNDA:0,(anonymous_9)
FNDA:0,(anonymous_10)
FNDA:0,(anonymous_11)
FNDA:0,(anonymous_12)
FNDA:0,(anonymous_13)
DA:5,0
DA:6,0
DA:7,0
DA:8,0
DA:9,0
DA:10,0
DA:11,0
DA:12,0
DA:13,0
DA:14,0
DA:15,0
DA:17,0
DA:18,0
DA:19,0
DA:20,0
DA:21,0
DA:22,0
DA:23,0
DA:24,0
DA:25,0
DA:27,0
DA:28,0
DA:29,0
DA:30,0
DA:31,0
DA:32,0
DA:33,0
DA:34,0
DA:37,0
DA:40,0
DA:41,0
DA:42,0
DA:44,0
DA:45,0
DA:46,0
DA:48,0
DA:49,0
DA:52,0
DA:53,0
DA:54,0
DA:55,0
DA:58,0
DA:59,0
DA:60,0
DA:61,0
DA:63,0
DA:64,0
DA:65,0
DA:66,0
DA:67,0
DA:69,0
DA:71,0
DA:72,0
DA:74,0
DA:77,0
DA:79,0
DA:104,0
DA:105,0
DA:124,0
DA:125,0
LF:60
LH:0
BRDA:30,0,0,0
BRDA:30,0,1,0
BRDA:33,1,0,0
BRDA:33,1,1,0
BRDA:33,2,0,0
BRDA:33,2,1,0
BRDA:41,3,0,0
BRDA:41,3,1,0
BRDA:44,4,0,0
BRDA:44,4,1,0
BRDA:44,5,0,0
BRDA:44,5,1,0
BRDA:49,6,0,0
BRDA:49,6,1,0
BRDA:65,7,0,0
BRDA:65,7,1,0
BRDA:66,8,0,0
BRDA:66,8,1,0
BRDA:71,9,0,0
BRDA:71,9,1,0
BRDA:74,10,0,0
BRDA:74,10,1,0
BRDA:113,11,0,0
BRDA:113,11,1,0
BRDA:133,12,0,0
BRDA:133,12,1,0
BRDA:135,13,0,0
BRDA:135,13,1,0
BRDA:139,14,0,0
BRDA:147,15,0,0
BRDA:147,15,1,0
BRF:31
BRH:0
end_of_record
TN:
SF:src\components\theme-provider.tsx
FN:9,ThemeProvider
FNF:1
FNH:0
FNDA:0,ThemeProvider
DA:3,0
DA:7,0
DA:9,0
LF:3
LH:0
BRF:0
BRH:0
end_of_record
TN:
SF:src\components\auth\protected-route.tsx
FN:9,ProtectedRoute
FN:14,(anonymous_2)
FN:15,(anonymous_3)
FN:27,(anonymous_4)
FN:35,(anonymous_5)
FNF:5
FNH:0
FNDA:0,ProtectedRoute
FNDA:0,(anonymous_2)
FNDA:0,(anonymous_3)
FNDA:0,(anonymous_4)
FNDA:0,(anonymous_5)
DA:4,0
DA:5,0
DA:6,0
DA:7,0
DA:9,0
DA:10,0
DA:11,0
DA:12,0
DA:14,0
DA:15,0
DA:17,0
DA:19,0
DA:20,0
DA:21,0
DA:25,0
DA:27,0
DA:28,0
DA:29,0
DA:31,0
DA:35,0
DA:37,0
DA:41,0
DA:45,0
DA:54,0
DA:55,0
LF:25
LH:0
BRDA:19,0,0,0
BRDA:19,0,1,0
BRDA:25,1,0,0
BRDA:25,1,1,0
BRDA:25,2,0,0
BRDA:25,2,1,0
BRDA:28,3,0,0
BRDA:28,3,1,0
BRDA:28,4,0,0
BRDA:28,4,1,0
BRDA:45,5,0,0
BRDA:45,5,1,0
BRDA:54,6,0,0
BRDA:54,6,1,0
BRDA:54,7,0,0
BRDA:54,7,1,0
BRF:16
BRH:0
end_of_record
TN:
SF:src\components\configuracion\finca-form.tsx
FN:36,FincaForm
FN:60,(anonymous_2)
FN:83,(anonymous_3)
FN:99,(anonymous_4)
FN:127,(anonymous_5)
FN:128,(anonymous_6)
FN:136,(anonymous_7)
FN:138,(anonymous_8)
FN:141,(anonymous_9)
FN:142,(anonymous_10)
FN:144,(anonymous_11)
FN:147,(anonymous_12)
FN:150,(anonymous_13)
FN:158,(anonymous_14)
FN:160,(anonymous_15)
FN:164,(anonymous_16)
FN:165,(anonymous_17)
FN:174,(anonymous_18)
FN:183,(anonymous_19)
FN:221,(anonymous_20)
FN:222,(anonymous_21)
FN:244,(anonymous_22)
FN:245,(anonymous_23)
FN:261,(anonymous_24)
FN:262,(anonymous_25)
FN:289,(anonymous_26)
FN:290,(anonymous_27)
FN:307,(anonymous_28)
FN:308,(anonymous_29)
FN:327,(anonymous_30)
FN:340,(anonymous_31)
FN:355,(anonymous_32)
FN:370,(anonymous_33)
FNF:33
FNH:0
FNDA:0,FincaForm
FNDA:0,(anonymous_2)
FNDA:0,(anonymous_3)
FNDA:0,(anonymous_4)
FNDA:0,(anonymous_5)
FNDA:0,(anonymous_6)
FNDA:0,(anonymous_7)
FNDA:0,(anonymous_8)
FNDA:0,(anonymous_9)
FNDA:0,(anonymous_10)
FNDA:0,(anonymous_11)
FNDA:0,(anonymous_12)
FNDA:0,(anonymous_13)
FNDA:0,(anonymous_14)
FNDA:0,(anonymous_15)
FNDA:0,(anonymous_16)
FNDA:0,(anonymous_17)
FNDA:0,(anonymous_18)
FNDA:0,(anonymous_19)
FNDA:0,(anonymous_20)
FNDA:0,(anonymous_21)
FNDA:0,(anonymous_22)
FNDA:0,(anonymous_23)
FNDA:0,(anonymous_24)
FNDA:0,(anonymous_25)
FNDA:0,(anonymous_26)
FNDA:0,(anonymous_27)
FNDA:0,(anonymous_28)
FNDA:0,(anonymous_29)
FNDA:0,(anonymous_30)
FNDA:0,(anonymous_31)
FNDA:0,(anonymous_32)
FNDA:0,(anonymous_33)
DA:4,0
DA:5,0
DA:6,0
DA:7,0
DA:8,0
DA:15,0
DA:22,0
DA:23,0
DA:25,0
DA:26,0
DA:27,0
DA:28,0
DA:36,0
DA:37,0
DA:38,0
DA:39,0
DA:40,0
DA:41,0
DA:42,0
DA:57,0
DA:58,0
DA:60,0
DA:61,0
DA:62,0
DA:63,0
DA:64,0
DA:65,0
DA:66,0
DA:68,0
DA:80,0
DA:81,0
DA:82,0
DA:83,0
DA:84,0
DA:86,0
DA:87,0
DA:88,0
DA:89,0
DA:91,0
DA:92,0
DA:94,0
DA:99,0
DA:100,0
DA:101,0
DA:114,0
DA:115,0
DA:116,0
DA:117,0
DA:118,0
DA:121,0
DA:123,0
DA:127,0
DA:128,0
DA:132,0
DA:134,0
DA:135,0
DA:136,0
DA:138,0
DA:141,0
DA:142,0
DA:143,0
DA:144,0
DA:147,0
DA:148,0
DA:149,0
DA:150,0
DA:154,0
DA:156,0
DA:157,0
DA:158,0
DA:160,0
DA:164,0
DA:165,0
DA:166,0
DA:167,0
DA:168,0
DA:169,0
DA:174,0
DA:175,0
DA:176,0
DA:177,0
DA:178,0
DA:183,0
DA:184,0
DA:186,0
DA:189,0
DA:192,0
DA:221,0
DA:222,0
DA:244,0
DA:245,0
DA:262,0
DA:289,0
DA:290,0
DA:307,0
DA:308,0
DA:327,0
DA:340,0
DA:355,0
DA:370,0
DA:396,0
DA:397,0
LF:102
LH:0
BRDA:43,0,0,0
BRDA:43,0,1,0
BRDA:44,1,0,0
BRDA:44,1,1,0
BRDA:45,2,0,0
BRDA:45,2,1,0
BRDA:46,3,0,0
BRDA:46,3,1,0
BRDA:47,4,0,0
BRDA:47,4,1,0
BRDA:48,5,0,0
BRDA:48,5,1,0
BRDA:49,6,0,0
BRDA:49,6,1,0
BRDA:50,7,0,0
BRDA:50,7,1,0
BRDA:51,8,0,0
BRDA:51,8,1,0
BRDA:52,9,0,0
BRDA:52,9,1,0
BRDA:63,10,0,0
BRDA:63,10,1,0
BRDA:69,11,0,0
BRDA:69,11,1,0
BRDA:70,12,0,0
BRDA:70,12,1,0
BRDA:71,13,0,0
BRDA:71,13,1,0
BRDA:72,14,0,0
BRDA:72,14,1,0
BRDA:73,15,0,0
BRDA:73,15,1,0
BRDA:74,16,0,0
BRDA:74,16,1,0
BRDA:75,17,0,0
BRDA:75,17,1,0
BRDA:76,18,0,0
BRDA:76,18,1,0
BRDA:77,19,0,0
BRDA:77,19,1,0
BRDA:78,20,0,0
BRDA:78,20,1,0
BRDA:80,21,0,0
BRDA:80,21,1,0
BRDA:84,22,0,0
BRDA:84,22,1,0
BRDA:84,23,0,0
BRDA:84,23,1,0
BRDA:87,24,0,0
BRDA:87,24,1,0
BRDA:102,25,0,0
BRDA:102,25,1,0
BRDA:103,26,0,0
BRDA:103,26,1,0
BRDA:104,27,0,0
BRDA:104,27,1,0
BRDA:105,28,0,0
BRDA:105,28,1,0
BRDA:106,29,0,0
BRDA:106,29,1,0
BRDA:107,30,0,0
BRDA:107,30,1,0
BRDA:108,31,0,0
BRDA:108,31,1,0
BRDA:109,32,0,0
BRDA:109,32,1,0
BRDA:110,33,0,0
BRDA:110,33,1,0
BRDA:111,34,0,0
BRDA:111,34,1,0
BRDA:112,35,0,0
BRDA:112,35,1,0
BRDA:112,36,0,0
BRDA:112,36,1,0
BRDA:115,37,0,0
BRDA:115,37,1,0
BRDA:117,38,0,0
BRDA:117,38,1,0
BRDA:117,39,0,0
BRDA:117,39,1,0
BRDA:132,40,0,0
BRDA:132,40,1,0
BRDA:134,41,0,0
BRDA:134,41,1,0
BRDA:134,42,0,0
BRDA:134,42,1,0
BRDA:149,43,0,0
BRDA:149,43,1,0
BRDA:154,44,0,0
BRDA:154,44,1,0
BRDA:156,45,0,0
BRDA:156,45,1,0
BRDA:156,46,0,0
BRDA:156,46,1,0
BRDA:166,47,0,0
BRDA:166,47,1,0
BRDA:169,48,0,0
BRDA:169,48,1,0
BRDA:170,49,0,0
BRDA:170,49,1,0
BRDA:170,49,2,0
BRDA:170,49,3,0
BRDA:176,50,0,0
BRDA:176,50,1,0
BRDA:176,51,0,0
BRDA:176,51,1,0
BRDA:178,52,0,0
BRDA:178,52,1,0
BRDA:179,53,0,0
BRDA:179,53,1,0
BRDA:179,53,2,0
BRDA:179,53,3,0
BRDA:199,54,0,0
BRDA:199,54,1,0
BRDA:201,55,0,0
BRDA:201,55,1,0
BRDA:207,56,0,0
BRDA:220,57,0,0
BRDA:220,57,1,0
BRDA:224,58,0,0
BRDA:224,58,1,0
BRDA:231,59,0,0
BRDA:231,59,1,0
BRDA:243,60,0,0
BRDA:243,60,1,0
BRDA:246,61,0,0
BRDA:246,61,1,0
BRDA:252,62,0,0
BRDA:252,62,1,0
BRDA:252,63,0,0
BRDA:252,63,1,0
BRDA:260,64,0,0
BRDA:260,64,1,0
BRDA:264,65,0,0
BRDA:264,65,1,0
BRDA:277,66,0,0
BRDA:288,67,0,0
BRDA:288,67,1,0
BRDA:291,68,0,0
BRDA:291,68,1,0
BRDA:297,69,0,0
BRDA:297,69,1,0
BRDA:297,70,0,0
BRDA:297,70,1,0
BRDA:306,71,0,0
BRDA:306,71,1,0
BRDA:310,72,0,0
BRDA:310,72,1,0
BRDA:316,73,0,0
BRDA:316,73,1,0
BRDA:326,74,0,0
BRDA:326,74,1,0
BRDA:328,75,0,0
BRDA:328,75,1,0
BRDA:330,76,0,0
BRDA:339,77,0,0
BRDA:339,77,1,0
BRDA:343,78,0,0
BRDA:343,78,1,0
BRDA:345,79,0,0
BRDA:354,80,0,0
BRDA:354,80,1,0
BRDA:357,81,0,0
BRDA:357,81,1,0
BRDA:359,82,0,0
BRDA:369,83,0,0
BRDA:369,83,1,0
BRDA:373,84,0,0
BRDA:373,84,1,0
BRDA:386,85,0,0
BRDA:386,85,1,0
BRDA:387,86,0,0
BRDA:388,87,0,0
BRDA:388,87,1,0
BRF:174
BRH:0
end_of_record
TN:
SF:src\components\configuracion\fincas-table.tsx
FN:70,FincasTable
FN:82,(anonymous_2)
FN:100,(anonymous_3)
FN:118,(anonymous_4)
FN:125,(anonymous_5)
FN:139,(anonymous_6)
FN:156,(anonymous_7)
FN:242,(anonymous_8)
FN:326,(anonymous_9)
FN:331,(anonymous_10)
FN:362,(anonymous_11)
FN:385,(anonymous_12)
FN:387,(anonymous_13)
FN:391,(anonymous_14)
FN:397,(anonymous_15)
FN:411,(anonymous_16)
FN:413,(anonymous_17)
FN:424,(anonymous_18)
FNF:18
FNH:0
FNDA:0,FincasTable
FNDA:0,(anonymous_2)
FNDA:0,(anonymous_3)
FNDA:0,(anonymous_4)
FNDA:0,(anonymous_5)
FNDA:0,(anonymous_6)
FNDA:0,(anonymous_7)
FNDA:0,(anonymous_8)
FNDA:0,(anonymous_9)
FNDA:0,(anonymous_10)
FNDA:0,(anonymous_11)
FNDA:0,(anonymous_12)
FNDA:0,(anonymous_13)
FNDA:0,(anonymous_14)
FNDA:0,(anonymous_15)
FNDA:0,(anonymous_16)
FNDA:0,(anonymous_17)
FNDA:0,(anonymous_18)
DA:4,0
DA:5,0
DA:13,0
DA:19,0
DA:29,0
DA:38,0
DA:39,0
DA:40,0
DA:41,0
DA:42,0
DA:43,0
DA:44,0
DA:51,0
DA:59,0
DA:70,0
DA:77,0
DA:78,0
DA:79,0
DA:81,0
DA:83,0
DA:92,0
DA:93,0
DA:94,0
DA:95,0
DA:96,0
DA:97,0
DA:98,0
DA:100,0
DA:102,0
DA:103,0
DA:106,0
DA:110,0
DA:111,0
DA:112,0
DA:115,0
DA:118,0
DA:119,0
DA:120,0
DA:121,0
DA:125,0
DA:126,0
DA:139,0
DA:140,0
DA:156,0
DA:243,0
DA:244,0
DA:246,0
DA:326,0
DA:331,0
DA:363,0
DA:364,0
DA:386,0
DA:387,0
DA:392,0
DA:398,0
DA:399,0
DA:412,0
DA:413,0
DA:424,0
LF:59
LH:0
BRDA:74,0,0,0
BRDA:75,1,0,0
BRDA:83,2,0,0
BRDA:83,2,1,0
BRDA:83,2,2,0
BRDA:83,2,3,0
BRDA:83,2,4,0
BRDA:84,3,0,0
BRDA:84,3,1,0
BRDA:89,4,0,0
BRDA:89,4,1,0
BRDA:102,5,0,0
BRDA:102,5,1,0
BRDA:110,6,0,0
BRDA:110,6,1,0
BRDA:119,7,0,0
BRDA:119,7,1,0
BRDA:151,8,0,0
BRDA:151,8,1,0
BRDA:188,9,0,0
BRDA:206,10,0,0
BRDA:213,11,0,0
BRDA:213,11,1,0
BRDA:220,12,0,0
BRDA:220,12,1,0
BRDA:223,13,0,0
BRDA:223,13,1,0
BRDA:226,14,0,0
BRDA:226,14,1,0
BRDA:229,15,0,0
BRDA:229,15,1,0
BRDA:232,16,0,0
BRDA:232,16,1,0
BRDA:235,17,0,0
BRDA:235,17,1,0
BRDA:244,18,0,0
BRDA:244,18,1,0
BRDA:256,19,0,0
BRDA:262,20,0,0
BRDA:262,20,1,0
BRDA:268,21,0,0
BRDA:279,22,0,0
BRDA:279,22,1,0
BRDA:284,23,0,0
BRDA:284,23,1,0
BRDA:286,24,0,0
BRDA:286,24,1,0
BRDA:291,25,0,0
BRDA:291,25,1,0
BRDA:296,26,0,0
BRDA:296,26,1,0
BRDA:304,27,0,0
BRDA:304,27,1,0
BRDA:314,28,0,0
BRDA:314,28,1,0
BRDA:334,29,0,0
BRDA:334,29,1,0
BRDA:341,30,0,0
BRDA:387,31,0,0
BRDA:387,31,1,0
BRDA:413,32,0,0
BRDA:413,32,1,0
BRF:62
BRH:0
end_of_record
TN:
SF:src\components\configuracion\permisos-matrix.tsx
FN:105,PermisosMatrix
FN:138,(anonymous_2)
FNF:2
FNH:0
FNDA:0,PermisosMatrix
FNDA:0,(anonymous_2)
DA:9,0
DA:10,0
DA:18,0
DA:19,0
DA:30,0
DA:105,0
DA:139,0
LF:7
LH:0
BRDA:145,0,0,0
BRDA:152,1,0,0
BRDA:159,2,0,0
BRDA:166,3,0,0
BRDA:173,4,0,0
BRF:5
BRH:0
end_of_record
TN:
SF:src\components\configuracion\usuario-form.tsx
FN:38,UsuarioForm
FN:63,(anonymous_2)
FN:89,(anonymous_3)
FN:90,(anonymous_4)
FN:93,(anonymous_5)
FN:95,(anonymous_6)
FN:98,(anonymous_7)
FN:99,(anonymous_8)
FN:101,(anonymous_9)
FN:104,(anonymous_10)
FN:124,(anonymous_11)
FN:168,(anonymous_12)
FN:169,(anonymous_13)
FN:190,(anonymous_14)
FN:191,(anonymous_15)
FN:214,(anonymous_16)
FN:215,(anonymous_17)
FN:223,(anonymous_18)
FN:244,(anonymous_19)
FN:245,(anonymous_20)
FN:264,(anonymous_21)
FN:265,(anonymous_22)
FN:292,(anonymous_23)
FN:293,(anonymous_24)
FN:302,(anonymous_25)
FN:319,(anonymous_26)
FNF:26
FNH:0
FNDA:0,UsuarioForm
FNDA:0,(anonymous_2)
FNDA:0,(anonymous_3)
FNDA:0,(anonymous_4)
FNDA:0,(anonymous_5)
FNDA:0,(anonymous_6)
FNDA:0,(anonymous_7)
FNDA:0,(anonymous_8)
FNDA:0,(anonymous_9)
FNDA:0,(anonymous_10)
FNDA:0,(anonymous_11)
FNDA:0,(anonymous_12)
FNDA:0,(anonymous_13)
FNDA:0,(anonymous_14)
FNDA:0,(anonymous_15)
FNDA:0,(anonymous_16)
FNDA:0,(anonymous_17)
FNDA:0,(anonymous_18)
FNDA:0,(anonymous_19)
FNDA:0,(anonymous_20)
FNDA:0,(anonymous_21)
FNDA:0,(anonymous_22)
FNDA:0,(anonymous_23)
FNDA:0,(anonymous_24)
FNDA:0,(anonymous_25)
FNDA:0,(anonymous_26)
DA:4,0
DA:5,0
DA:6,0
DA:7,0
DA:8,0
DA:15,0
DA:22,0
DA:24,0
DA:25,0
DA:26,0
DA:27,0
DA:28,0
DA:38,0
DA:45,0
DA:46,0
DA:47,0
DA:48,0
DA:49,0
DA:50,0
DA:60,0
DA:61,0
DA:63,0
DA:64,0
DA:65,0
DA:75,0
DA:76,0
DA:77,0
DA:78,0
DA:79,0
DA:80,0
DA:83,0
DA:85,0
DA:89,0
DA:90,0
DA:91,0
DA:92,0
DA:93,0
DA:95,0
DA:98,0
DA:99,0
DA:100,0
DA:101,0
DA:104,0
DA:105,0
DA:106,0
DA:107,0
DA:108,0
DA:109,0
DA:110,0
DA:112,0
DA:121,0
DA:122,0
DA:123,0
DA:124,0
DA:125,0
DA:127,0
DA:128,0
DA:129,0
DA:130,0
DA:134,0
DA:135,0
DA:138,0
DA:139,0
DA:141,0
DA:142,0
DA:147,0
DA:168,0
DA:169,0
DA:190,0
DA:191,0
DA:214,0
DA:215,0
DA:223,0
DA:244,0
DA:245,0
DA:265,0
DA:293,0
DA:303,0
DA:320,0
LF:79
LH:0
BRDA:51,0,0,0
BRDA:51,0,1,0
BRDA:52,1,0,0
BRDA:52,1,1,0
BRDA:53,2,0,0
BRDA:53,2,1,0
BRDA:54,3,0,0
BRDA:54,3,1,0
BRDA:55,4,0,0
BRDA:55,4,1,0
BRDA:56,5,0,0
BRDA:56,5,1,0
BRDA:57,6,0,0
BRDA:57,6,1,0
BRDA:66,7,0,0
BRDA:66,7,1,0
BRDA:67,8,0,0
BRDA:67,8,1,0
BRDA:69,9,0,0
BRDA:69,9,1,0
BRDA:72,10,0,0
BRDA:72,10,1,0
BRDA:76,11,0,0
BRDA:76,11,1,0
BRDA:79,12,0,0
BRDA:79,12,1,0
BRDA:79,13,0,0
BRDA:79,13,1,0
BRDA:91,14,0,0
BRDA:91,14,1,0
BRDA:91,15,0,0
BRDA:91,15,1,0
BRDA:107,16,0,0
BRDA:107,16,1,0
BRDA:113,17,0,0
BRDA:113,17,1,0
BRDA:114,18,0,0
BRDA:114,18,1,0
BRDA:116,19,0,0
BRDA:116,19,1,0
BRDA:119,20,0,0
BRDA:119,20,1,0
BRDA:121,21,0,0
BRDA:121,21,1,0
BRDA:125,22,0,0
BRDA:125,22,1,0
BRDA:125,23,0,0
BRDA:125,23,1,0
BRDA:128,24,0,0
BRDA:128,24,1,0
BRDA:134,25,0,0
BRDA:134,25,1,0
BRDA:134,26,0,0
BRDA:134,26,1,0
BRDA:152,27,0,0
BRDA:152,27,1,0
BRDA:154,28,0,0
BRDA:154,28,1,0
BRDA:171,29,0,0
BRDA:171,29,1,0
BRDA:178,30,0,0
BRDA:178,30,1,0
BRDA:193,31,0,0
BRDA:193,31,1,0
BRDA:200,32,0,0
BRDA:200,32,1,0
BRDA:205,33,0,0
BRDA:212,34,0,0
BRDA:212,34,1,0
BRDA:217,35,0,0
BRDA:217,35,1,0
BRDA:226,36,0,0
BRDA:226,36,1,0
BRDA:232,37,0,0
BRDA:247,38,0,0
BRDA:247,38,1,0
BRDA:253,39,0,0
BRDA:253,39,1,0
BRDA:255,40,0,0
BRDA:255,40,1,0
BRDA:267,41,0,0
BRDA:267,41,1,0
BRDA:273,42,0,0
BRDA:282,43,0,0
BRDA:295,44,0,0
BRDA:295,44,1,0
BRDA:309,45,0,0
BRDA:318,46,0,0
BRDA:318,46,1,0
BRDA:322,47,0,0
BRDA:322,47,1,0
BRDA:340,48,0,0
BRDA:340,48,1,0
BRDA:341,49,0,0
BRDA:342,50,0,0
BRDA:342,50,1,0
BRF:96
BRH:0
end_of_record
TN:
SF:src\components\configuracion\usuarios-table.tsx
FN:58,(anonymous_1)
FN:75,(anonymous_2)
FN:92,UsuariosTable
FN:105,(anonymous_4)
FN:119,(anonymous_5)
FN:123,(anonymous_6)
FN:130,(anonymous_7)
FN:145,(anonymous_8)
FN:150,(anonymous_9)
FN:193,(anonymous_10)
FN:224,(anonymous_11)
FN:229,(anonymous_12)
FN:241,(anonymous_13)
FN:261,(anonymous_14)
FN:276,(anonymous_15)
FN:276,(anonymous_16)
FN:278,(anonymous_17)
FN:280,(anonymous_18)
FN:286,(anonymous_19)
FN:286,(anonymous_20)
FN:295,(anonymous_21)
FNF:21
FNH:0
FNDA:0,(anonymous_1)
FNDA:0,(anonymous_2)
FNDA:0,UsuariosTable
FNDA:0,(anonymous_4)
FNDA:0,(anonymous_5)
FNDA:0,(anonymous_6)
FNDA:0,(anonymous_7)
FNDA:0,(anonymous_8)
FNDA:0,(anonymous_9)
FNDA:0,(anonymous_10)
FNDA:0,(anonymous_11)
FNDA:0,(anonymous_12)
FNDA:0,(anonymous_13)
FNDA:0,(anonymous_14)
FNDA:0,(anonymous_15)
FNDA:0,(anonymous_16)
FNDA:0,(anonymous_17)
FNDA:0,(anonymous_18)
FNDA:0,(anonymous_19)
FNDA:0,(anonymous_20)
FNDA:0,(anonymous_21)
DA:3,0
DA:5,0
DA:6,0
DA:7,0
DA:15,0
DA:21,0
DA:31,0
DA:32,0
DA:33,0
DA:44,0
DA:45,0
DA:46,0
DA:47,0
DA:58,0
DA:59,0
DA:75,0
DA:76,0
DA:78,0
DA:80,0
DA:82,0
DA:84,0
DA:86,0
DA:88,0
DA:92,0
DA:100,0
DA:101,0
DA:102,0
DA:104,0
DA:106,0
DA:111,0
DA:112,0
DA:113,0
DA:114,0
DA:115,0
DA:116,0
DA:117,0
DA:119,0
DA:120,0
DA:123,0
DA:124,0
DA:125,0
DA:126,0
DA:130,0
DA:131,0
DA:145,0
DA:150,0
DA:194,0
DA:224,0
DA:229,0
DA:241,0
DA:261,0
DA:276,0
DA:279,0
DA:280,0
DA:286,0
DA:295,0
LF:56
LH:0
BRDA:76,0,0,0
BRDA:76,0,1,0
BRDA:76,0,2,0
BRDA:76,0,3,0
BRDA:76,0,4,0
BRDA:76,0,5,0
BRDA:106,1,0,0
BRDA:106,1,1,0
BRDA:106,1,2,0
BRDA:124,2,0,0
BRDA:124,2,1,0
BRDA:142,3,0,0
BRDA:142,3,1,0
BRDA:152,4,0,0
BRDA:152,4,1,0
BRDA:162,5,0,0
BRDA:169,6,0,0
BRDA:169,6,1,0
BRDA:176,7,0,0
BRDA:176,7,1,0
BRDA:180,8,0,0
BRDA:180,8,1,0
BRDA:183,9,0,0
BRDA:183,9,1,0
BRDA:186,10,0,0
BRDA:186,10,1,0
BRDA:209,11,0,0
BRDA:209,11,1,0
BRDA:210,12,0,0
BRDA:210,12,1,0
BRDA:212,13,0,0
BRDA:212,13,1,0
BRDA:213,14,0,0
BRDA:213,14,1,0
BRDA:233,15,0,0
BRDA:237,16,0,0
BRDA:237,16,1,0
BRDA:239,17,0,0
BRDA:276,18,0,0
BRDA:276,18,1,0
BRDA:286,19,0,0
BRDA:286,19,1,0
BRF:42
BRH:0
end_of_record
TN:
SF:src\components\dashboard\ai-alerts.tsx
FN:10,AIAlerts
FN:13,(anonymous_2)
FN:15,(anonymous_3)
FN:19,(anonymous_4)
FN:27,(anonymous_5)
FN:46,(anonymous_6)
FN:58,(anonymous_7)
FN:75,(anonymous_8)
FN:115,(anonymous_9)
FN:124,(anonymous_10)
FNF:10
FNH:0
FNDA:0,AIAlerts
FNDA:0,(anonymous_2)
FNDA:0,(anonymous_3)
FNDA:0,(anonymous_4)
FNDA:0,(anonymous_5)
FNDA:0,(anonymous_6)
FNDA:0,(anonymous_7)
FNDA:0,(anonymous_8)
FNDA:0,(anonymous_9)
FNDA:0,(anonymous_10)
DA:3,0
DA:4,0
DA:5,0
DA:6,0
DA:7,0
DA:8,0
DA:10,0
DA:11,0
DA:12,0
DA:13,0
DA:14,0
DA:15,0
DA:16,0
DA:19,0
DA:20,0
DA:21,0
DA:22,0
DA:23,0
DA:24,0
DA:27,0
DA:28,0
DA:29,0
DA:30,0
DA:31,0
DA:32,0
DA:33,0
DA:35,0
DA:36,0
DA:37,0
DA:39,0
DA:40,0
DA:41,0
DA:42,0
DA:43,0
DA:46,0
DA:47,0
DA:49,0
DA:52,0
DA:54,0
DA:58,0
DA:59,0
DA:61,0
DA:63,0
DA:65,0
DA:76,0
DA:77,0
DA:115,0
DA:125,0
DA:126,0
LF:49
LH:0
BRDA:14,0,0,0
BRDA:14,0,1,0
BRDA:19,1,0,0
BRDA:19,1,1,0
BRDA:20,2,0,0
BRDA:20,2,1,0
BRDA:23,3,0,0
BRDA:23,3,1,0
BRDA:23,3,2,0
BRDA:24,4,0,0
BRDA:24,4,1,0
BRDA:29,5,0,0
BRDA:29,5,1,0
BRDA:30,6,0,0
BRDA:30,6,1,0
BRDA:31,7,0,0
BRDA:31,7,1,0
BRDA:31,8,0,0
BRDA:31,8,1,0
BRDA:32,9,0,0
BRDA:32,9,1,0
BRDA:33,10,0,0
BRDA:33,10,1,0
BRDA:35,11,0,0
BRDA:35,11,1,0
BRDA:35,12,0,0
BRDA:35,12,1,0
BRDA:36,13,0,0
BRDA:36,13,1,0
BRDA:37,14,0,0
BRDA:37,14,1,0
BRDA:39,15,0,0
BRDA:39,15,1,0
BRDA:40,16,0,0
BRDA:40,16,1,0
BRDA:41,17,0,0
BRDA:41,17,1,0
BRDA:42,18,0,0
BRDA:42,18,1,0
BRDA:47,19,0,0
BRDA:47,19,1,0
BRDA:47,19,2,0
BRDA:47,19,3,0
BRDA:47,20,0,0
BRDA:47,20,1,0
BRDA:59,21,0,0
BRDA:59,21,1,0
BRDA:59,21,2,0
BRDA:82,22,0,0
BRDA:82,22,1,0
BRDA:105,23,0,0
BRDA:110,24,0,0
BRF:52
BRH:0
end_of_record
TN:
SF:src\components\dashboard\heatmap-productivity.tsx
FN:17,HeatmapProductivity
FN:19,(anonymous_2)
FN:19,(anonymous_3)
FN:25,(anonymous_4)
FN:28,(anonymous_5)
FN:34,(anonymous_6)
FN:39,(anonymous_7)
FN:59,(anonymous_8)
FN:66,(anonymous_9)
FN:75,(anonymous_10)
FN:93,(anonymous_11)
FN:122,(anonymous_12)
FN:129,(anonymous_13)
FN:138,(anonymous_14)
FN:147,(anonymous_15)
FN:179,(anonymous_16)
FN:193,(anonymous_17)
FN:223,(anonymous_18)
FN:236,(anonymous_19)
FN:241,(anonymous_20)
FN:262,(anonymous_21)
FN:279,(anonymous_22)
FN:293,(anonymous_23)
FN:308,(anonymous_24)
FN:324,(anonymous_25)
FN:337,(anonymous_26)
FN:350,(anonymous_27)
FN:350,(anonymous_28)
FN:353,(anonymous_29)
FN:378,(anonymous_30)
FN:386,(anonymous_31)
FN:391,(anonymous_32)
FN:406,(anonymous_33)
FN:416,(anonymous_34)
FN:421,(anonymous_35)
FNF:35
FNH:0
FNDA:0,HeatmapProductivity
FNDA:0,(anonymous_2)
FNDA:0,(anonymous_3)
FNDA:0,(anonymous_4)
FNDA:0,(anonymous_5)
FNDA:0,(anonymous_6)
FNDA:0,(anonymous_7)
FNDA:0,(anonymous_8)
FNDA:0,(anonymous_9)
FNDA:0,(anonymous_10)
FNDA:0,(anonymous_11)
FNDA:0,(anonymous_12)
FNDA:0,(anonymous_13)
FNDA:0,(anonymous_14)
FNDA:0,(anonymous_15)
FNDA:0,(anonymous_16)
FNDA:0,(anonymous_17)
FNDA:0,(anonymous_18)
FNDA:0,(anonymous_19)
FNDA:0,(anonymous_20)
FNDA:0,(anonymous_21)
FNDA:0,(anonymous_22)
FNDA:0,(anonymous_23)
FNDA:0,(anonymous_24)
FNDA:0,(anonymous_25)
FNDA:0,(anonymous_26)
FNDA:0,(anonymous_27)
FNDA:0,(anonymous_28)
FNDA:0,(anonymous_29)
FNDA:0,(anonymous_30)
FNDA:0,(anonymous_31)
FNDA:0,(anonymous_32)
FNDA:0,(anonymous_33)
FNDA:0,(anonymous_34)
FNDA:0,(anonymous_35)
DA:8,0
DA:9,0
DA:10,0
DA:11,0
DA:12,0
DA:13,0
DA:14,0
DA:15,0
DA:17,0
DA:18,0
DA:19,0
DA:20,0
DA:21,0
DA:22,0
DA:23,0
DA:25,0
DA:26,0
DA:27,0
DA:28,0
DA:31,0
DA:32,0
DA:33,0
DA:34,0
DA:35,0
DA:36,0
DA:38,0
DA:39,0
DA:40,0
DA:41,0
DA:47,0
DA:48,0
DA:49,0
DA:50,0
DA:51,0
DA:52,0
DA:53,0
DA:56,0
DA:59,0
DA:61,0
DA:62,0
DA:63,0
DA:66,0
DA:67,0
DA:68,0
DA:69,0
DA:70,0
DA:71,0
DA:75,0
DA:77,0
DA:78,0
DA:79,0
DA:82,0
DA:83,0
DA:84,0
DA:85,0
DA:86,0
DA:87,0
DA:88,0
DA:90,0
DA:93,0
DA:95,0
DA:96,0
DA:97,0
DA:100,0
DA:101,0
DA:102,0
DA:103,0
DA:104,0
DA:105,0
DA:106,0
DA:107,0
DA:108,0
DA:109,0
DA:110,0
DA:119,0
DA:122,0
DA:124,0
DA:125,0
DA:126,0
DA:129,0
DA:130,0
DA:131,0
DA:132,0
DA:133,0
DA:134,0
DA:138,0
DA:139,0
DA:140,0
DA:141,0
DA:142,0
DA:143,0
DA:144,0
DA:147,0
DA:148,0
DA:150,0
DA:151,0
DA:152,0
DA:155,0
DA:156,0
DA:157,0
DA:159,0
DA:161,0
DA:162,0
DA:163,0
DA:164,0
DA:166,0
DA:167,0
DA:168,0
DA:169,0
DA:170,0
DA:171,0
DA:172,0
DA:173,0
DA:174,0
DA:175,0
DA:178,0
DA:179,0
DA:180,0
DA:181,0
DA:182,0
DA:183,0
DA:184,0
DA:185,0
DA:188,0
DA:190,0
DA:193,0
DA:194,0
DA:196,0
DA:197,0
DA:198,0
DA:201,0
DA:202,0
DA:203,0
DA:205,0
DA:206,0
DA:207,0
DA:208,0
DA:210,0
DA:211,0
DA:212,0
DA:213,0
DA:214,0
DA:222,0
DA:223,0
DA:224,0
DA:225,0
DA:226,0
DA:227,0
DA:228,0
DA:230,0
DA:233,0
DA:236,0
DA:237,0
DA:238,0
DA:241,0
DA:242,0
DA:243,0
DA:244,0
DA:245,0
DA:246,0
DA:247,0
DA:263,0
DA:264,0
DA:265,0
DA:266,0
DA:267,0
DA:269,0
DA:270,0
DA:271,0
DA:280,0
DA:294,0
DA:295,0
DA:296,0
DA:297,0
DA:298,0
DA:300,0
DA:301,0
DA:302,0
DA:309,0
DA:310,0
DA:311,0
DA:312,0
DA:313,0
DA:315,0
DA:316,0
DA:317,0
DA:325,0
DA:338,0
DA:339,0
DA:340,0
DA:341,0
DA:342,0
DA:343,0
DA:345,0
DA:346,0
DA:350,0
DA:354,0
DA:355,0
DA:356,0
DA:357,0
DA:358,0
DA:359,0
DA:360,0
DA:361,0
DA:362,0
DA:363,0
DA:365,0
DA:366,0
DA:367,0
DA:368,0
DA:369,0
DA:370,0
DA:379,0
DA:387,0
DA:388,0
DA:389,0
DA:390,0
DA:391,0
DA:392,0
DA:393,0
DA:394,0
DA:396,0
DA:397,0
DA:407,0
DA:417,0
DA:422,0
DA:423,0
DA:424,0
DA:425,0
LF:229
LH:0
BRDA:31,0,0,0
BRDA:31,0,1,0
BRDA:32,1,0,0
BRDA:32,1,1,0
BRDA:33,2,0,0
BRDA:33,2,1,0
BRDA:35,3,0,0
BRDA:35,3,1,0
BRDA:36,4,0,0
BRDA:36,4,1,0
BRDA:36,5,0,0
BRDA:36,5,1,0
BRDA:47,6,0,0
BRDA:47,6,1,0
BRDA:48,7,0,0
BRDA:48,7,1,0
BRDA:49,8,0,0
BRDA:49,8,1,0
BRDA:53,9,0,0
BRDA:53,9,1,0
BRDA:53,10,0,0
BRDA:53,10,1,0
BRDA:53,10,2,0
BRDA:53,10,3,0
BRDA:67,11,0,0
BRDA:67,11,1,0
BRDA:68,12,0,0
BRDA:68,12,1,0
BRDA:69,13,0,0
BRDA:69,13,1,0
BRDA:70,14,0,0
BRDA:70,14,1,0
BRDA:71,15,0,0
BRDA:71,15,1,0
BRDA:71,15,2,0
BRDA:83,16,0,0
BRDA:83,16,1,0
BRDA:85,17,0,0
BRDA:85,17,1,0
BRDA:86,18,0,0
BRDA:86,18,1,0
BRDA:88,19,0,0
BRDA:88,19,1,0
BRDA:88,20,0,0
BRDA:88,20,1,0
BRDA:101,21,0,0
BRDA:101,21,1,0
BRDA:103,22,0,0
BRDA:103,22,1,0
BRDA:104,23,0,0
BRDA:104,23,1,0
BRDA:105,24,0,0
BRDA:105,24,1,0
BRDA:107,25,0,0
BRDA:107,25,1,0
BRDA:108,26,0,0
BRDA:108,26,1,0
BRDA:108,27,0,0
BRDA:108,27,1,0
BRDA:108,28,0,0
BRDA:108,28,1,0
BRDA:108,29,0,0
BRDA:108,29,1,0
BRDA:108,30,0,0
BRDA:108,30,1,0
BRDA:109,31,0,0
BRDA:109,31,1,0
BRDA:109,32,0,0
BRDA:109,32,1,0
BRDA:111,33,0,0
BRDA:111,33,1,0
BRDA:112,34,0,0
BRDA:112,34,1,0
BRDA:113,35,0,0
BRDA:113,35,1,0
BRDA:114,36,0,0
BRDA:114,36,1,0
BRDA:115,37,0,0
BRDA:115,37,1,0
BRDA:130,38,0,0
BRDA:130,38,1,0
BRDA:131,39,0,0
BRDA:131,39,1,0
BRDA:132,40,0,0
BRDA:132,40,1,0
BRDA:133,41,0,0
BRDA:133,41,1,0
BRDA:134,42,0,0
BRDA:134,42,1,0
BRDA:134,42,2,0
BRDA:140,43,0,0
BRDA:140,43,1,0
BRDA:141,44,0,0
BRDA:141,44,1,0
BRDA:142,45,0,0
BRDA:142,45,1,0
BRDA:143,46,0,0
BRDA:143,46,1,0
BRDA:148,47,0,0
BRDA:148,47,1,0
BRDA:161,48,0,0
BRDA:161,48,1,0
BRDA:162,49,0,0
BRDA:162,49,1,0
BRDA:162,50,0,0
BRDA:162,50,1,0
BRDA:168,51,0,0
BRDA:168,51,1,0
BRDA:168,52,0,0
BRDA:168,52,1,0
BRDA:168,53,0,0
BRDA:168,53,1,0
BRDA:171,54,0,0
BRDA:171,54,1,0
BRDA:173,55,0,0
BRDA:173,55,1,0
BRDA:180,56,0,0
BRDA:180,56,1,0
BRDA:182,57,0,0
BRDA:182,57,1,0
BRDA:194,58,0,0
BRDA:194,58,1,0
BRDA:205,59,0,0
BRDA:205,59,1,0
BRDA:206,60,0,0
BRDA:206,60,1,0
BRDA:206,61,0,0
BRDA:206,61,1,0
BRDA:213,62,0,0
BRDA:213,62,1,0
BRDA:215,63,0,0
BRDA:215,63,1,0
BRDA:216,64,0,0
BRDA:216,64,1,0
BRDA:217,65,0,0
BRDA:217,65,1,0
BRDA:218,66,0,0
BRDA:218,66,1,0
BRDA:219,67,0,0
BRDA:219,67,1,0
BRDA:224,68,0,0
BRDA:224,68,1,0
BRDA:227,69,0,0
BRDA:227,69,1,0
BRDA:237,70,0,0
BRDA:237,70,1,0
BRDA:237,71,0,0
BRDA:237,71,1,0
BRDA:242,72,0,0
BRDA:242,72,1,0
BRDA:243,73,0,0
BRDA:243,73,1,0
BRDA:244,74,0,0
BRDA:244,74,1,0
BRDA:245,75,0,0
BRDA:245,75,1,0
BRDA:246,76,0,0
BRDA:246,76,1,0
BRDA:263,77,0,0
BRDA:263,77,1,0
BRDA:266,78,0,0
BRDA:266,78,1,0
BRDA:269,79,0,0
BRDA:269,79,1,0
BRDA:297,80,0,0
BRDA:297,80,1,0
BRDA:300,81,0,0
BRDA:300,81,1,0
BRDA:309,82,0,0
BRDA:309,82,1,0
BRDA:312,83,0,0
BRDA:312,83,1,0
BRDA:315,84,0,0
BRDA:315,84,1,0
BRDA:339,85,0,0
BRDA:339,85,1,0
BRDA:339,86,0,0
BRDA:339,86,1,0
BRDA:342,87,0,0
BRDA:342,87,1,0
BRDA:362,88,0,0
BRDA:362,88,1,0
BRDA:376,89,0,0
BRDA:385,90,0,0
BRDA:385,90,1,0
BRDA:388,91,0,0
BRDA:388,91,1,0
BRDA:388,92,0,0
BRDA:388,92,1,0
BRDA:391,93,0,0
BRDA:391,93,1,0
BRDA:393,94,0,0
BRDA:393,94,1,0
BRDA:422,95,0,0
BRDA:422,95,1,0
BRDA:423,96,0,0
BRDA:423,96,1,0
BRDA:423,97,0,0
BRDA:423,97,1,0
BRDA:423,98,0,0
BRDA:423,98,1,0
BRDA:424,99,0,0
BRDA:424,99,1,0
BRF:203
BRH:0
end_of_record
TN:
SF:src\components\dashboard\production-chart.tsx
FN:22,ProductionChart
FN:26,(anonymous_2)
FNF:2
FNH:0
FNDA:0,ProductionChart
FNDA:0,(anonymous_2)
DA:8,0
DA:18,0
DA:19,0
DA:20,0
DA:22,0
DA:23,0
DA:24,0
DA:26,0
LF:8
LH:0
BRDA:35,0,0,0
BRDA:35,0,1,0
BRDA:38,1,0,0
BRDA:38,1,1,0
BRDA:41,2,0,0
BRDA:41,2,1,0
BRDA:42,3,0,0
BRDA:42,3,1,0
BRDA:48,4,0,0
BRDA:48,4,1,0
BRDA:51,5,0,0
BRDA:51,5,1,0
BRF:12
BRH:0
end_of_record
TN:
SF:src\components\dashboard\quality-metrics.tsx
FN:7,QualityMetrics
FN:12,(anonymous_2)
FN:16,(anonymous_3)
FN:20,(anonymous_4)
FN:24,(anonymous_5)
FN:64,(anonymous_6)
FNF:6
FNH:0
FNDA:0,QualityMetrics
FNDA:0,(anonymous_2)
FNDA:0,(anonymous_3)
FNDA:0,(anonymous_4)
FNDA:0,(anonymous_5)
FNDA:0,(anonymous_6)
DA:3,0
DA:4,0
DA:5,0
DA:7,0
DA:8,0
DA:11,0
DA:12,0
DA:15,0
DA:16,0
DA:19,0
DA:20,0
DA:23,0
DA:24,0
DA:27,0
DA:65,0
DA:66,0
LF:16
LH:0
BRDA:11,0,0,0
BRDA:11,0,1,0
BRDA:12,1,0,0
BRDA:12,1,1,0
BRDA:15,2,0,0
BRDA:15,2,1,0
BRDA:16,3,0,0
BRDA:16,3,1,0
BRDA:19,4,0,0
BRDA:19,4,1,0
BRDA:20,5,0,0
BRDA:20,5,1,0
BRDA:23,6,0,0
BRDA:23,6,1,0
BRDA:24,7,0,0
BRDA:24,7,1,0
BRF:16
BRH:0
end_of_record
TN:
SF:src\components\dashboard\trend-chart.tsx
FN:22,TrendChart
FN:27,(anonymous_2)
FN:28,(anonymous_3)
FN:37,(anonymous_4)
FN:39,(anonymous_5)
FNF:5
FNH:0
FNDA:0,TrendChart
FNDA:0,(anonymous_2)
FNDA:0,(anonymous_3)
FNDA:0,(anonymous_4)
FNDA:0,(anonymous_5)
DA:8,0
DA:17,0
DA:18,0
DA:19,0
DA:20,0
DA:22,0
DA:23,0
DA:24,0
DA:25,0
DA:27,0
DA:28,0
DA:29,0
DA:30,0
DA:31,0
DA:32,0
DA:34,0
DA:36,0
DA:37,0
DA:39,0
DA:45,0
DA:48,0
DA:64,0
DA:66,0
DA:81,0
DA:85,0
DA:88,0
LF:26
LH:0
BRDA:34,0,0,0
BRDA:34,0,1,0
BRDA:34,1,0,0
BRDA:34,1,1,0
BRDA:41,2,0,0
BRDA:41,2,1,0
BRDA:42,3,0,0
BRDA:42,3,1,0
BRDA:88,4,0,0
BRDA:88,4,1,0
BRF:10
BRH:0
end_of_record
TN:
SF:src\components\dashboard\weekly-summary.tsx
FN:9,WeeklySummary
FN:13,(anonymous_2)
FN:16,(anonymous_3)
FN:19,(anonymous_4)
FN:21,(anonymous_5)
FN:57,(anonymous_6)
FNF:6
FNH:0
FNDA:0,WeeklySummary
FNDA:0,(anonymous_2)
FNDA:0,(anonymous_3)
FNDA:0,(anonymous_4)
FNDA:0,(anonymous_5)
FNDA:0,(anonymous_6)
DA:3,0
DA:5,0
DA:6,0
DA:7,0
DA:9,0
DA:10,0
DA:12,0
DA:13,0
DA:16,0
DA:18,0
DA:19,0
DA:21,0
DA:23,0
DA:58,0
DA:59,0
LF:15
LH:0
BRDA:13,0,0,0
BRDA:13,0,1,0
BRDA:16,1,0,0
BRDA:16,1,1,0
BRDA:18,2,0,0
BRDA:18,2,1,0
BRDA:19,3,0,0
BRDA:19,3,1,0
BRDA:21,4,0,0
BRDA:21,4,1,0
BRF:10
BRH:0
end_of_record
TN:
SF:src\components\inventario\alertas-inventario.tsx
FN:15,AlertasInventario
FN:23,(anonymous_2)
FN:24,(anonymous_3)
FN:26,(anonymous_4)
FN:28,(anonymous_5)
FN:31,(anonymous_6)
FN:34,(anonymous_7)
FN:86,(anonymous_8)
FN:90,(anonymous_9)
FN:123,(anonymous_10)
FN:131,(anonymous_11)
FN:138,(anonymous_12)
FN:139,(anonymous_13)
FN:143,(anonymous_14)
FN:183,(anonymous_15)
FN:207,(anonymous_16)
FN:208,(anonymous_17)
FN:228,(anonymous_18)
FN:230,(anonymous_19)
FNF:19
FNH:0
FNDA:0,AlertasInventario
FNDA:0,(anonymous_2)
FNDA:0,(anonymous_3)
FNDA:0,(anonymous_4)
FNDA:0,(anonymous_5)
FNDA:0,(anonymous_6)
FNDA:0,(anonymous_7)
FNDA:0,(anonymous_8)
FNDA:0,(anonymous_9)
FNDA:0,(anonymous_10)
FNDA:0,(anonymous_11)
FNDA:0,(anonymous_12)
FNDA:0,(anonymous_13)
FNDA:0,(anonymous_14)
FNDA:0,(anonymous_15)
FNDA:0,(anonymous_16)
FNDA:0,(anonymous_17)
FNDA:0,(anonymous_18)
FNDA:0,(anonymous_19)
DA:3,0
DA:4,0
DA:5,0
DA:6,0
DA:7,0
DA:8,0
DA:9,0
DA:10,0
DA:11,0
DA:12,0
DA:13,0
DA:15,0
DA:16,0
DA:17,0
DA:18,0
DA:19,0
DA:20,0
DA:21,0
DA:23,0
DA:24,0
DA:25,0
DA:26,0
DA:28,0
DA:30,0
DA:31,0
DA:32,0
DA:34,0
DA:35,0
DA:36,0
DA:87,0
DA:91,0
DA:92,0
DA:97,0
DA:98,0
DA:99,0
DA:100,0
DA:101,0
DA:103,0
DA:123,0
DA:131,0
DA:138,0
DA:140,0
DA:144,0
DA:145,0
DA:150,0
DA:151,0
DA:152,0
DA:153,0
DA:154,0
DA:156,0
DA:184,0
DA:208,0
DA:209,0
DA:228,0
DA:231,0
DA:232,0
DA:233,0
LF:57
LH:0
BRDA:36,0,0,0
BRDA:36,0,1,0
BRDA:36,0,2,0
BRDA:48,1,0,0
BRDA:51,2,0,0
BRDA:54,3,0,0
BRDA:62,4,0,0
BRDA:73,5,0,0
BRDA:73,5,1,0
BRDA:74,6,0,0
BRDA:74,6,1,0
BRDA:79,7,0,0
BRDA:97,8,0,0
BRDA:97,8,1,0
BRDA:99,9,0,0
BRDA:99,9,1,0
BRDA:123,10,0,0
BRDA:150,11,0,0
BRDA:150,11,1,0
BRDA:152,12,0,0
BRDA:152,12,1,0
BRDA:176,13,0,0
BRDA:231,14,0,0
BRDA:231,14,1,0
BRF:24
BRH:0
end_of_record
TN:
SF:src\components\inventario\insumo-form.tsx
FN:30,InsumoForm
FN:54,(anonymous_2)
FN:72,(anonymous_3)
FN:75,(anonymous_4)
FN:87,(anonymous_5)
FN:90,(anonymous_6)
FN:118,(anonymous_7)
FN:119,(anonymous_8)
FN:122,(anonymous_9)
FN:124,(anonymous_10)
FN:127,(anonymous_11)
FN:128,(anonymous_12)
FN:130,(anonymous_13)
FN:135,(anonymous_14)
FN:158,(anonymous_15)
FN:169,(anonymous_16)
FN:173,(anonymous_17)
FN:243,(anonymous_18)
FN:244,(anonymous_19)
FN:288,(anonymous_20)
FN:290,(anonymous_21)
FN:291,(anonymous_22)
FN:325,(anonymous_23)
FN:326,(anonymous_24)
FN:349,(anonymous_25)
FN:350,(anonymous_26)
FN:372,(anonymous_27)
FN:373,(anonymous_28)
FN:395,(anonymous_29)
FN:396,(anonymous_30)
FN:415,(anonymous_31)
FN:416,(anonymous_32)
FN:433,(anonymous_33)
FN:434,(anonymous_34)
FN:442,(anonymous_35)
FNF:35
FNH:0
FNDA:0,InsumoForm
FNDA:0,(anonymous_2)
FNDA:0,(anonymous_3)
FNDA:0,(anonymous_4)
FNDA:0,(anonymous_5)
FNDA:0,(anonymous_6)
FNDA:0,(anonymous_7)
FNDA:0,(anonymous_8)
FNDA:0,(anonymous_9)
FNDA:0,(anonymous_10)
FNDA:0,(anonymous_11)
FNDA:0,(anonymous_12)
FNDA:0,(anonymous_13)
FNDA:0,(anonymous_14)
FNDA:0,(anonymous_15)
FNDA:0,(anonymous_16)
FNDA:0,(anonymous_17)
FNDA:0,(anonymous_18)
FNDA:0,(anonymous_19)
FNDA:0,(anonymous_20)
FNDA:0,(anonymous_21)
FNDA:0,(anonymous_22)
FNDA:0,(anonymous_23)
FNDA:0,(anonymous_24)
FNDA:0,(anonymous_25)
FNDA:0,(anonymous_26)
FNDA:0,(anonymous_27)
FNDA:0,(anonymous_28)
FNDA:0,(anonymous_29)
FNDA:0,(anonymous_30)
FNDA:0,(anonymous_31)
FNDA:0,(anonymous_32)
FNDA:0,(anonymous_33)
FNDA:0,(anonymous_34)
FNDA:0,(anonymous_35)
DA:5,0
DA:6,0
DA:7,0
DA:8,0
DA:15,0
DA:21,0
DA:22,0
DA:24,0
DA:25,0
DA:26,0
DA:27,0
DA:28,0
DA:30,0
DA:31,0
DA:32,0
DA:33,0
DA:34,0
DA:35,0
DA:36,0
DA:54,0
DA:62,0
DA:72,0
DA:73,0
DA:74,0
DA:75,0
DA:77,0
DA:87,0
DA:90,0
DA:91,0
DA:92,0
DA:104,0
DA:105,0
DA:106,0
DA:107,0
DA:108,0
DA:109,0
DA:112,0
DA:114,0
DA:118,0
DA:119,0
DA:120,0
DA:121,0
DA:122,0
DA:124,0
DA:127,0
DA:128,0
DA:129,0
DA:130,0
DA:133,0
DA:135,0
DA:136,0
DA:137,0
DA:139,0
DA:140,0
DA:141,0
DA:144,0
DA:155,0
DA:156,0
DA:157,0
DA:158,0
DA:159,0
DA:161,0
DA:162,0
DA:163,0
DA:164,0
DA:168,0
DA:169,0
DA:171,0
DA:172,0
DA:173,0
DA:174,0
DA:175,0
DA:178,0
DA:191,0
DA:193,0
DA:194,0
DA:200,0
DA:207,0
DA:223,0
DA:224,0
DA:243,0
DA:244,0
DA:289,0
DA:290,0
DA:291,0
DA:325,0
DA:326,0
DA:349,0
DA:350,0
DA:372,0
DA:373,0
DA:395,0
DA:396,0
DA:415,0
DA:416,0
DA:434,0
DA:443,0
LF:97
LH:0
BRDA:73,0,0,0
BRDA:73,0,1,0
BRDA:94,1,0,0
BRDA:94,1,1,0
BRDA:101,2,0,0
BRDA:101,2,1,0
BRDA:105,3,0,0
BRDA:105,3,1,0
BRDA:108,4,0,0
BRDA:108,4,1,0
BRDA:108,5,0,0
BRDA:108,5,1,0
BRDA:120,6,0,0
BRDA:120,6,1,0
BRDA:120,7,0,0
BRDA:120,7,1,0
BRDA:139,8,0,0
BRDA:139,8,1,0
BRDA:146,9,0,0
BRDA:146,9,1,0
BRDA:153,10,0,0
BRDA:153,10,1,0
BRDA:155,11,0,0
BRDA:155,11,1,0
BRDA:159,12,0,0
BRDA:159,12,1,0
BRDA:159,13,0,0
BRDA:159,13,1,0
BRDA:162,14,0,0
BRDA:162,14,1,0
BRDA:169,15,0,0
BRDA:169,15,1,0
BRDA:169,16,0,0
BRDA:169,16,1,0
BRDA:171,17,0,0
BRDA:171,17,1,0
BRDA:188,18,0,0
BRDA:188,18,1,0
BRDA:193,19,0,0
BRDA:193,19,1,0
BRDA:245,20,0,0
BRDA:245,20,1,0
BRDA:251,21,0,0
BRDA:251,21,1,0
BRDA:262,22,0,0
BRDA:262,22,1,0
BRDA:276,23,0,0
BRDA:293,24,0,0
BRDA:293,24,1,0
BRDA:310,25,0,0
BRDA:327,26,0,0
BRDA:327,26,1,0
BRDA:333,27,0,0
BRDA:333,27,1,0
BRDA:351,28,0,0
BRDA:351,28,1,0
BRDA:357,29,0,0
BRDA:357,29,1,0
BRDA:374,30,0,0
BRDA:374,30,1,0
BRDA:380,31,0,0
BRDA:380,31,1,0
BRDA:397,32,0,0
BRDA:397,32,1,0
BRDA:403,33,0,0
BRDA:403,33,1,0
BRDA:417,34,0,0
BRDA:417,34,1,0
BRDA:423,35,0,0
BRDA:423,35,1,0
BRDA:436,36,0,0
BRDA:436,36,1,0
BRDA:449,37,0,0
BRDA:455,38,0,0
BRDA:455,38,1,0
BRDA:456,39,0,0
BRF:76
BRH:0
end_of_record
TN:
SF:src\components\inventario\insumos-table.tsx
FN:28,InsumosTable
FN:35,(anonymous_2)
FN:47,(anonymous_3)
FN:50,(anonymous_4)
FN:72,(anonymous_5)
FN:76,(anonymous_6)
FN:79,(anonymous_7)
FN:82,(anonymous_8)
FN:168,(anonymous_9)
FN:174,(anonymous_10)
FN:186,(anonymous_11)
FN:198,(anonymous_12)
FN:233,(anonymous_13)
FN:294,(anonymous_14)
FN:294,(anonymous_15)
FN:296,(anonymous_16)
FN:298,(anonymous_17)
FN:304,(anonymous_18)
FN:304,(anonymous_19)
FNF:19
FNH:0
FNDA:0,InsumosTable
FNDA:0,(anonymous_2)
FNDA:0,(anonymous_3)
FNDA:0,(anonymous_4)
FNDA:0,(anonymous_5)
FNDA:0,(anonymous_6)
FNDA:0,(anonymous_7)
FNDA:0,(anonymous_8)
FNDA:0,(anonymous_9)
FNDA:0,(anonymous_10)
FNDA:0,(anonymous_11)
FNDA:0,(anonymous_12)
FNDA:0,(anonymous_13)
FNDA:0,(anonymous_14)
FNDA:0,(anonymous_15)
FNDA:0,(anonymous_16)
FNDA:0,(anonymous_17)
FNDA:0,(anonymous_18)
FNDA:0,(anonymous_19)
DA:10,0
DA:16,0
DA:17,0
DA:18,0
DA:19,0
DA:20,0
DA:21,0
DA:23,0
DA:24,0
DA:25,0
DA:26,0
DA:28,0
DA:29,0
DA:30,0
DA:31,0
DA:32,0
DA:36,0
DA:41,0
DA:42,0
DA:43,0
DA:44,0
DA:45,0
DA:46,0
DA:47,0
DA:48,0
DA:49,0
DA:50,0
DA:51,0
DA:52,0
DA:54,0
DA:56,0
DA:58,0
DA:60,0
DA:61,0
DA:62,0
DA:65,0
DA:69,0
DA:71,0
DA:72,0
DA:75,0
DA:76,0
DA:78,0
DA:79,0
DA:82,0
DA:83,0
DA:84,0
DA:85,0
DA:90,0
DA:91,0
DA:96,0
DA:168,0
DA:174,0
DA:186,0
DA:198,0
DA:235,0
DA:236,0
DA:237,0
DA:294,0
DA:297,0
DA:298,0
DA:304,0
LF:61
LH:0
BRDA:36,0,0,0
BRDA:36,0,1,0
BRDA:36,0,2,0
BRDA:49,1,0,0
BRDA:49,1,1,0
BRDA:51,2,0,0
BRDA:51,2,1,0
BRDA:52,3,0,0
BRDA:52,3,1,0
BRDA:52,3,2,0
BRDA:52,3,3,0
BRDA:52,3,4,0
BRDA:60,4,0,0
BRDA:60,4,1,0
BRDA:61,5,0,0
BRDA:61,5,1,0
BRDA:84,6,0,0
BRDA:84,6,1,0
BRDA:90,7,0,0
BRDA:90,7,1,0
BRDA:186,8,0,0
BRDA:186,8,1,0
BRDA:210,9,0,0
BRDA:210,9,1,0
BRDA:241,10,0,0
BRDA:245,11,0,0
BRDA:275,12,0,0
BRDA:275,12,1,0
BRDA:290,13,0,0
BRDA:290,13,1,0
BRDA:294,14,0,0
BRDA:294,14,1,0
BRDA:304,15,0,0
BRDA:304,15,1,0
BRF:34
BRH:0
end_of_record
TN:
SF:src\components\inventario\movimiento-form.tsx
FN:31,MovimientoForm
FN:47,(anonymous_2)
FN:51,(anonymous_3)
FN:56,(anonymous_4)
FN:66,(anonymous_5)
FN:91,(anonymous_6)
FN:92,(anonymous_7)
FN:95,(anonymous_8)
FN:97,(anonymous_9)
FN:100,(anonymous_10)
FN:101,(anonymous_11)
FN:103,(anonymous_12)
FN:106,(anonymous_13)
FN:112,(anonymous_14)
FN:122,(anonymous_15)
FN:142,(anonymous_16)
FN:219,(anonymous_17)
FN:220,(anonymous_18)
FN:229,(anonymous_19)
FN:246,(anonymous_20)
FN:301,(anonymous_21)
FN:302,(anonymous_22)
FN:322,(anonymous_23)
FN:323,(anonymous_24)
FN:342,(anonymous_25)
FN:343,(anonymous_26)
FNF:26
FNH:0
FNDA:0,MovimientoForm
FNDA:0,(anonymous_2)
FNDA:0,(anonymous_3)
FNDA:0,(anonymous_4)
FNDA:0,(anonymous_5)
FNDA:0,(anonymous_6)
FNDA:0,(anonymous_7)
FNDA:0,(anonymous_8)
FNDA:0,(anonymous_9)
FNDA:0,(anonymous_10)
FNDA:0,(anonymous_11)
FNDA:0,(anonymous_12)
FNDA:0,(anonymous_13)
FNDA:0,(anonymous_14)
FNDA:0,(anonymous_15)
FNDA:0,(anonymous_16)
FNDA:0,(anonymous_17)
FNDA:0,(anonymous_18)
FNDA:0,(anonymous_19)
FNDA:0,(anonymous_20)
FNDA:0,(anonymous_21)
FNDA:0,(anonymous_22)
FNDA:0,(anonymous_23)
FNDA:0,(anonymous_24)
FNDA:0,(anonymous_25)
FNDA:0,(anonymous_26)
DA:5,0
DA:6,0
DA:7,0
DA:8,0
DA:9,0
DA:16,0
DA:22,0
DA:23,0
DA:25,0
DA:26,0
DA:27,0
DA:28,0
DA:29,0
DA:31,0
DA:32,0
DA:33,0
DA:34,0
DA:35,0
DA:36,0
DA:37,0
DA:38,0
DA:47,0
DA:48,0
DA:51,0
DA:52,0
DA:56,0
DA:57,0
DA:58,0
DA:60,0
DA:64,0
DA:66,0
DA:67,0
DA:68,0
DA:77,0
DA:78,0
DA:79,0
DA:80,0
DA:81,0
DA:82,0
DA:85,0
DA:87,0
DA:91,0
DA:92,0
DA:93,0
DA:94,0
DA:95,0
DA:97,0
DA:100,0
DA:101,0
DA:102,0
DA:103,0
DA:106,0
DA:107,0
DA:108,0
DA:109,0
DA:110,0
DA:111,0
DA:112,0
DA:122,0
DA:123,0
DA:124,0
DA:126,0
DA:127,0
DA:128,0
DA:131,0
DA:139,0
DA:140,0
DA:141,0
DA:142,0
DA:143,0
DA:145,0
DA:146,0
DA:147,0
DA:148,0
DA:151,0
DA:152,0
DA:157,0
DA:158,0
DA:161,0
DA:163,0
DA:167,0
DA:168,0
DA:173,0
DA:176,0
DA:186,0
DA:188,0
DA:194,0
DA:202,0
DA:203,0
DA:220,0
DA:230,0
DA:247,0
DA:301,0
DA:302,0
DA:322,0
DA:323,0
DA:342,0
DA:343,0
LF:98
LH:0
BRDA:44,0,0,0
BRDA:44,0,1,0
BRDA:48,1,0,0
BRDA:48,1,1,0
BRDA:57,2,0,0
BRDA:57,2,1,0
BRDA:70,3,0,0
BRDA:70,3,1,0
BRDA:72,4,0,0
BRDA:72,4,1,0
BRDA:78,5,0,0
BRDA:78,5,1,0
BRDA:81,6,0,0
BRDA:81,6,1,0
BRDA:81,7,0,0
BRDA:81,7,1,0
BRDA:93,8,0,0
BRDA:93,8,1,0
BRDA:93,9,0,0
BRDA:93,9,1,0
BRDA:107,10,0,0
BRDA:107,10,1,0
BRDA:108,11,0,0
BRDA:108,11,1,0
BRDA:109,12,0,0
BRDA:109,12,1,0
BRDA:110,13,0,0
BRDA:110,13,1,0
BRDA:111,14,0,0
BRDA:111,14,1,0
BRDA:114,15,0,0
BRDA:114,15,1,0
BRDA:115,16,0,0
BRDA:115,16,1,0
BRDA:116,17,0,0
BRDA:116,17,1,0
BRDA:117,18,0,0
BRDA:117,18,1,0
BRDA:118,19,0,0
BRDA:118,19,1,0
BRDA:126,20,0,0
BRDA:126,20,1,0
BRDA:133,21,0,0
BRDA:133,21,1,0
BRDA:135,22,0,0
BRDA:135,22,1,0
BRDA:139,23,0,0
BRDA:139,23,1,0
BRDA:143,24,0,0
BRDA:143,24,1,0
BRDA:143,25,0,0
BRDA:143,25,1,0
BRDA:146,26,0,0
BRDA:146,26,1,0
BRDA:151,27,0,0
BRDA:151,27,1,0
BRDA:163,28,0,0
BRDA:163,28,1,0
BRDA:167,29,0,0
BRDA:167,29,1,0
BRDA:167,30,0,0
BRDA:167,30,1,0
BRDA:189,31,0,0
BRDA:189,31,1,0
BRDA:222,32,0,0
BRDA:222,32,1,0
BRDA:236,33,0,0
BRDA:252,34,0,0
BRDA:252,34,1,0
BRDA:263,35,0,0
BRDA:274,36,0,0
BRDA:274,36,1,0
BRDA:287,37,0,0
BRDA:293,38,0,0
BRDA:293,38,1,0
BRDA:298,39,0,0
BRDA:298,39,1,0
BRDA:303,40,0,0
BRDA:303,40,1,0
BRDA:305,41,0,0
BRDA:305,41,1,0
BRDA:305,42,0,0
BRDA:305,42,1,0
BRDA:311,43,0,0
BRDA:311,43,1,0
BRDA:324,44,0,0
BRDA:324,44,1,0
BRDA:331,45,0,0
BRDA:331,45,1,0
BRDA:345,46,0,0
BRDA:345,46,1,0
BRDA:352,47,0,0
BRDA:352,47,1,0
BRDA:358,48,0,0
BRDA:358,48,1,0
BRDA:373,49,0,0
BRDA:373,49,1,0
BRDA:380,50,0,0
BRDA:380,50,1,0
BRDA:396,51,0,0
BRDA:396,51,1,0
BRDA:396,51,2,0
BRDA:396,51,3,0
BRDA:396,51,4,0
BRDA:396,51,5,0
BRDA:396,51,6,0
BRDA:406,52,0,0
BRDA:408,53,0,0
BRF:108
BRH:0
end_of_record
TN:
SF:src\components\inventario\movimientos-table.tsx
FN:26,MovimientosTable
FN:32,(anonymous_2)
FN:35,(anonymous_3)
FN:39,(anonymous_4)
FN:43,(anonymous_5)
FN:48,(anonymous_6)
FN:49,(anonymous_7)
FN:53,(anonymous_8)
FN:73,(anonymous_9)
FN:75,(anonymous_10)
FN:88,(anonymous_11)
FN:145,(anonymous_12)
FN:151,(anonymous_13)
FN:163,(anonymous_14)
FN:193,(anonymous_15)
FN:242,(anonymous_16)
FN:242,(anonymous_17)
FN:244,(anonymous_18)
FN:246,(anonymous_19)
FN:252,(anonymous_20)
FN:252,(anonymous_21)
FNF:21
FNH:0
FNDA:0,MovimientosTable
FNDA:0,(anonymous_2)
FNDA:0,(anonymous_3)
FNDA:0,(anonymous_4)
FNDA:0,(anonymous_5)
FNDA:0,(anonymous_6)
FNDA:0,(anonymous_7)
FNDA:0,(anonymous_8)
FNDA:0,(anonymous_9)
FNDA:0,(anonymous_10)
FNDA:0,(anonymous_11)
FNDA:0,(anonymous_12)
FNDA:0,(anonymous_13)
FNDA:0,(anonymous_14)
FNDA:0,(anonymous_15)
FNDA:0,(anonymous_16)
FNDA:0,(anonymous_17)
FNDA:0,(anonymous_18)
FNDA:0,(anonymous_19)
FNDA:0,(anonymous_20)
FNDA:0,(anonymous_21)
DA:10,0
DA:16,0
DA:17,0
DA:18,0
DA:19,0
DA:20,0
DA:21,0
DA:22,0
DA:23,0
DA:24,0
DA:26,0
DA:27,0
DA:28,0
DA:29,0
DA:31,0
DA:32,0
DA:34,0
DA:35,0
DA:39,0
DA:41,0
DA:43,0
DA:44,0
DA:48,0
DA:49,0
DA:50,0
DA:53,0
DA:54,0
DA:55,0
DA:56,0
DA:57,0
DA:58,0
DA:59,0
DA:67,0
DA:68,0
DA:69,0
DA:70,0
DA:71,0
DA:72,0
DA:73,0
DA:74,0
DA:75,0
DA:76,0
DA:77,0
DA:78,0
DA:81,0
DA:88,0
DA:145,0
DA:151,0
DA:163,0
DA:194,0
DA:242,0
DA:245,0
DA:246,0
DA:252,0
LF:54
LH:0
BRDA:41,0,0,0
BRDA:41,0,1,0
BRDA:44,1,0,0
BRDA:44,1,1,0
BRDA:50,2,0,0
BRDA:50,2,1,0
BRDA:55,3,0,0
BRDA:55,3,1,0
BRDA:56,4,0,0
BRDA:56,4,1,0
BRDA:57,5,0,0
BRDA:57,5,1,0
BRDA:58,6,0,0
BRDA:58,6,1,0
BRDA:60,7,0,0
BRDA:60,7,1,0
BRDA:60,7,2,0
BRDA:60,7,3,0
BRDA:78,8,0,0
BRDA:78,8,1,0
BRDA:176,9,0,0
BRDA:200,10,0,0
BRDA:200,10,1,0
BRDA:202,11,0,0
BRDA:202,11,1,0
BRDA:209,12,0,0
BRDA:213,13,0,0
BRDA:213,13,1,0
BRDA:220,14,0,0
BRDA:220,14,1,0
BRDA:220,14,2,0
BRDA:238,15,0,0
BRDA:238,15,1,0
BRDA:242,16,0,0
BRDA:242,16,1,0
BRDA:252,17,0,0
BRDA:252,17,1,0
BRF:37
BRH:0
end_of_record
TN:
SF:src\components\layout\app-header.tsx
FN:22,AppHeader
FN:27,(anonymous_2)
FN:29,(anonymous_3)
FN:33,(anonymous_4)
FN:40,(anonymous_5)
FN:46,(anonymous_6)
FN:47,(anonymous_7)
FN:48,(anonymous_8)
FN:50,(anonymous_9)
FN:69,(anonymous_10)
FN:74,(anonymous_11)
FN:78,(anonymous_12)
FN:159,(anonymous_13)
FN:163,(anonymous_14)
FN:188,(anonymous_15)
FNF:15
FNH:0
FNDA:0,AppHeader
FNDA:0,(anonymous_2)
FNDA:0,(anonymous_3)
FNDA:0,(anonymous_4)
FNDA:0,(anonymous_5)
FNDA:0,(anonymous_6)
FNDA:0,(anonymous_7)
FNDA:0,(anonymous_8)
FNDA:0,(anonymous_9)
FNDA:0,(anonymous_10)
FNDA:0,(anonymous_11)
FNDA:0,(anonymous_12)
FNDA:0,(anonymous_13)
FNDA:0,(anonymous_14)
FNDA:0,(anonymous_15)
DA:3,0
DA:4,0
DA:5,0
DA:6,0
DA:14,0
DA:15,0
DA:16,0
DA:17,0
DA:18,0
DA:19,0
DA:20,0
DA:22,0
DA:23,0
DA:24,0
DA:25,0
DA:26,0
DA:27,0
DA:28,0
DA:29,0
DA:30,0
DA:33,0
DA:34,0
DA:35,0
DA:36,0
DA:37,0
DA:38,0
DA:40,0
DA:41,0
DA:43,0
DA:44,0
DA:45,0
DA:46,0
DA:47,0
DA:48,0
DA:50,0
DA:51,0
DA:52,0
DA:53,0
DA:54,0
DA:55,0
DA:56,0
DA:58,0
DA:59,0
DA:60,0
DA:62,0
DA:63,0
DA:64,0
DA:65,0
DA:66,0
DA:69,0
DA:70,0
DA:71,0
DA:74,0
DA:75,0
DA:78,0
DA:79,0
DA:80,0
DA:160,0
DA:164,0
DA:165,0
DA:166,0
DA:189,0
DA:190,0
LF:63
LH:0
BRDA:28,0,0,0
BRDA:28,0,1,0
BRDA:33,1,0,0
BRDA:33,1,1,0
BRDA:34,2,0,0
BRDA:34,2,1,0
BRDA:37,3,0,0
BRDA:37,3,1,0
BRDA:37,3,2,0
BRDA:38,4,0,0
BRDA:38,4,1,0
BRDA:40,5,0,0
BRDA:40,5,1,0
BRDA:43,6,0,0
BRDA:43,6,1,0
BRDA:52,7,0,0
BRDA:52,7,1,0
BRDA:53,8,0,0
BRDA:53,8,1,0
BRDA:54,9,0,0
BRDA:54,9,1,0
BRDA:54,10,0,0
BRDA:54,10,1,0
BRDA:55,11,0,0
BRDA:55,11,1,0
BRDA:56,12,0,0
BRDA:56,12,1,0
BRDA:58,13,0,0
BRDA:58,13,1,0
[...]
FN:381,(anonymous_56)
FN:386,(anonymous_57)
FN:395,(anonymous_58)
FN:399,(anonymous_59)
FN:403,(anonymous_60)
FN:408,(anonymous_61)
FN:412,(anonymous_62)
FN:420,(anonymous_63)
FN:425,(anonymous_64)
FN:433,(anonymous_65)
FN:437,(anonymous_66)
FN:442,(anonymous_67)
FN:447,(anonymous_68)
FN:452,(anonymous_69)
FNF:67
FNH:19
FNDA:1,(anonymous_3)
FNDA:3,(anonymous_4)
FNDA:15,(anonymous_5)
FNDA:0,(anonymous_6)
FNDA:2,(anonymous_7)
FNDA:8,(anonymous_8)
FNDA:5,(anonymous_9)
FNDA:0,(anonymous_10)
FNDA:1,(anonymous_11)
FNDA:1,(anonymous_12)
FNDA:2,(anonymous_13)
FNDA:0,(anonymous_14)
FNDA:3,(anonymous_15)
FNDA:0,(anonymous_16)
FNDA:0,(anonymous_17)
FNDA:0,(anonymous_18)
FNDA:0,(anonymous_19)
FNDA:0,(anonymous_20)
FNDA:0,(anonymous_21)
FNDA:0,(anonymous_22)
FNDA:0,(anonymous_23)
FNDA:0,(anonymous_24)
FNDA:1,(anonymous_25)
FNDA:2,(anonymous_26)
FNDA:1,(anonymous_27)
FNDA:1,(anonymous_28)
FNDA:1,(anonymous_29)
FNDA:1,(anonymous_30)
FNDA:0,(anonymous_31)
FNDA:0,(anonymous_32)
FNDA:0,(anonymous_33)
FNDA:0,(anonymous_34)
FNDA:0,(anonymous_35)
FNDA:0,(anonymous_36)
FNDA:0,(anonymous_37)
FNDA:1,(anonymous_38)
FNDA:0,(anonymous_39)
FNDA:0,(anonymous_40)
FNDA:0,(anonymous_41)
FNDA:0,(anonymous_42)
FNDA:0,(anonymous_43)
FNDA:0,(anonymous_44)
FNDA:0,(anonymous_45)
FNDA:0,(anonymous_46)
FNDA:0,(anonymous_47)
FNDA:1,(anonymous_48)
FNDA:0,(anonymous_49)
FNDA:0,(anonymous_50)
FNDA:0,(anonymous_51)
FNDA:0,(anonymous_52)
FNDA:0,(anonymous_53)
FNDA:1,(anonymous_54)
FNDA:0,(anonymous_55)
FNDA:0,(anonymous_56)
FNDA:0,(anonymous_57)
FNDA:0,(anonymous_58)
FNDA:0,(anonymous_59)
FNDA:0,(anonymous_60)
FNDA:0,(anonymous_61)
FNDA:0,(anonymous_62)
FNDA:0,(anonymous_63)
FNDA:0,(anonymous_64)
FNDA:0,(anonymous_65)
FNDA:0,(anonymous_66)
FNDA:0,(anonymous_67)
FNDA:0,(anonymous_68)
FNDA:0,(anonymous_69)
DA:5,1
DA:15,1
DA:18,1
DA:20,1
DA:21,1
DA:26,3
DA:27,3
DA:28,2
DA:29,1
DA:30,1
DA:38,15
DA:41,15
DA:42,14
DA:45,15
DA:50,15
DA:51,1
DA:54,15
DA:55,15
DA:60,14
DA:63,14
DA:65,2
DA:66,2
DA:67,2
DA:69,2
DA:75,12
DA:77,1
DA:80,1
DA:81,1
DA:82,2
DA:84,1
DA:85,1
DA:89,1
DA:90,1
DA:97,11
DA:99,11
DA:104,1
DA:113,8
DA:117,5
DA:124,0
DA:131,1
DA:138,1
DA:143,2
DA:149,2
DA:150,1
DA:153,2
DA:157,0
DA:162,3
DA:166,0
DA:170,0
DA:174,0
DA:178,0
DA:183,0
DA:187,0
DA:191,0
DA:195,0
DA:199,0
DA:204,1
DA:205,1
DA:206,1
DA:207,1
DA:208,1
DA:209,1
DA:213,2
DA:217,1
DA:221,1
DA:226,1
DA:227,1
DA:228,1
DA:229,1
DA:230,1
DA:231,1
DA:235,1
DA:239,0
DA:243,0
DA:247,0
DA:248,0
DA:249,0
DA:250,0
DA:251,0
DA:256,0
DA:257,0
DA:258,0
DA:259,0
DA:260,0
DA:261,0
DA:265,0
DA:269,0
DA:273,0
DA:278,1
DA:279,1
DA:280,1
DA:281,1
DA:282,1
DA:286,0
DA:290,0
DA:294,0
DA:299,0
DA:300,0
DA:301,0
DA:302,0
DA:303,0
DA:304,0
DA:305,0
DA:309,0
DA:313,0
DA:318,0
DA:319,0
DA:320,0
DA:321,0
DA:322,0
DA:326,0
DA:330,0
DA:335,1
DA:336,1
DA:337,1
DA:338,1
DA:339,1
DA:343,0
DA:347,0
DA:351,0
DA:356,0
DA:357,0
DA:358,0
DA:359,0
DA:360,0
DA:364,0
DA:369,1
DA:370,1
DA:371,1
DA:372,1
DA:373,1
DA:374,1
DA:378,0
DA:382,0
DA:387,0
DA:388,0
DA:389,0
DA:390,0
DA:391,0
DA:392,0
DA:396,0
DA:400,0
DA:404,0
DA:409,0
DA:413,0
DA:421,0
DA:426,0
DA:427,0
DA:428,0
DA:429,0
DA:434,0
DA:438,0
DA:443,0
DA:448,0
DA:453,0
DA:458,17
DA:459,1
LF:157
LH:79
BRDA:5,0,0,1
BRDA:5,0,1,1
BRDA:20,1,0,1
BRDA:20,1,1,0
BRDA:27,2,0,2
BRDA:27,2,1,1
BRDA:27,3,0,3
BRDA:27,3,1,2
BRDA:29,4,0,1
BRDA:29,4,1,0
BRDA:36,5,0,0
BRDA:41,6,0,14
BRDA:41,6,1,1
BRDA:41,7,0,15
BRDA:41,7,1,15
BRDA:50,8,0,1
BRDA:50,8,1,14
BRDA:63,9,0,2
BRDA:63,9,1,12
BRDA:65,10,0,2
BRDA:65,10,1,0
BRDA:70,11,0,2
BRDA:70,11,1,0
BRDA:70,11,2,0
BRDA:75,12,0,1
BRDA:75,12,1,11
BRDA:77,13,0,1
BRDA:77,13,1,1
BRDA:77,13,2,1
BRDA:80,14,0,1
BRDA:80,14,1,0
BRDA:80,15,0,1
BRDA:80,15,1,1
BRDA:80,15,2,1
BRDA:82,16,0,2
BRDA:82,16,1,0
BRDA:84,17,0,1
BRDA:84,17,1,0
BRDA:97,18,0,0
BRDA:97,18,1,11
BRDA:105,19,0,1
BRDA:105,19,1,0
BRDA:149,20,0,1
BRDA:149,20,1,1
BRDA:205,21,0,1
BRDA:205,21,1,0
BRDA:206,22,0,1
BRDA:206,22,1,0
BRDA:207,23,0,0
BRDA:207,23,1,1
BRDA:209,24,0,1
BRDA:209,24,1,0
BRDA:227,25,0,0
BRDA:227,25,1,1
BRDA:228,26,0,0
BRDA:228,26,1,1
BRDA:229,27,0,0
BRDA:229,27,1,1
BRDA:231,28,0,0
BRDA:231,28,1,1
BRDA:248,29,0,0
BRDA:248,29,1,0
BRDA:249,30,0,0
BRDA:249,30,1,0
BRDA:251,31,0,0
BRDA:251,31,1,0
BRDA:257,32,0,0
BRDA:257,32,1,0
BRDA:258,33,0,0
BRDA:258,33,1,0
BRDA:259,34,0,0
BRDA:259,34,1,0
BRDA:261,35,0,0
BRDA:261,35,1,0
BRDA:279,36,0,0
BRDA:279,36,1,1
BRDA:280,37,0,0
BRDA:280,37,1,1
BRDA:282,38,0,0
BRDA:282,38,1,1
BRDA:300,39,0,0
BRDA:300,39,1,0
BRDA:301,40,0,0
BRDA:301,40,1,0
BRDA:302,41,0,0
BRDA:302,41,1,0
BRDA:303,42,0,0
BRDA:303,42,1,0
BRDA:305,43,0,0
BRDA:305,43,1,0
BRDA:319,44,0,0
BRDA:319,44,1,0
BRDA:320,45,0,0
BRDA:320,45,1,0
BRDA:322,46,0,0
BRDA:322,46,1,0
BRDA:336,47,0,0
BRDA:336,47,1,1
BRDA:337,48,0,0
BRDA:337,48,1,1
BRDA:339,49,0,0
BRDA:339,49,1,1
BRDA:357,50,0,0
BRDA:357,50,1,0
BRDA:358,51,0,0
BRDA:358,51,1,0
BRDA:360,52,0,0
BRDA:360,52,1,0
BRDA:370,53,0,0
BRDA:370,53,1,1
BRDA:371,54,0,1
BRDA:371,54,1,0
BRDA:372,55,0,0
BRDA:372,55,1,1
BRDA:374,56,0,1
BRDA:374,56,1,0
BRDA:388,57,0,0
BRDA:388,57,1,0
BRDA:389,58,0,0
BRDA:389,58,1,0
BRDA:390,59,0,0
BRDA:390,59,1,0
BRDA:392,60,0,0
BRDA:392,60,1,0
BRDA:427,61,0,0
BRDA:427,61,1,0
BRDA:429,62,0,0
BRDA:429,62,1,0
BRF:128
BRH:51
end_of_record
TN:
SF:src\lib\api-mapper.ts
FN:21,mapFinca
FN:40,mapUser
FN:55,mapEnfunde
FN:74,mapCosecha
FN:99,mapRecuperacionCinta
FN:121,mapEmpleado
FN:143,mapRolPago
FN:174,mapPrestamo
FN:194,mapInsumo
FN:213,mapMovimientoInventario
FN:233,mapAlerta
FN:251,toBackendFormat
FN:265,(anonymous_25)
FN:270,(anonymous_26)
FNF:14
FNH:10
FNDA:2,mapFinca
FNDA:1,mapUser
FNDA:2,mapEnfunde
FNDA:1,mapCosecha
FNDA:0,mapRecuperacionCinta
FNDA:1,mapEmpleado
FNDA:0,mapRolPago
FNDA:0,mapPrestamo
FNDA:1,mapInsumo
FNDA:0,mapMovimientoInventario
FNDA:1,mapAlerta
FNDA:2,toBackendFormat
FNDA:7,(anonymous_25)
FNDA:2,(anonymous_26)
DA:21,2
DA:22,2
DA:40,1
DA:41,1
DA:55,2
DA:56,2
DA:57,2
DA:59,2
DA:74,1
DA:75,1
DA:76,1
DA:78,1
DA:99,0
DA:100,0
DA:121,1
DA:122,1
DA:123,1
DA:125,1
DA:143,0
DA:144,0
DA:145,0
DA:147,0
DA:174,0
DA:175,0
DA:176,0
DA:178,0
DA:194,1
DA:195,1
DA:213,0
DA:214,0
DA:215,0
DA:216,0
DA:218,0
DA:233,1
DA:234,1
DA:251,2
DA:252,2
DA:255,2
DA:257,2
DA:259,18
DA:260,2
DA:265,16
DA:268,16
DA:270,2
DA:271,2
DA:272,2
DA:274,0
DA:278,14
DA:279,0
DA:282,14
DA:283,0
DA:286,14
DA:287,0
DA:290,14
DA:291,14
DA:294,2
LF:56
LH:37
BRDA:56,0,0,2
BRDA:56,0,1,0
BRDA:56,1,0,0
BRDA:56,1,1,0
BRDA:57,2,0,2
BRDA:57,2,1,1
BRDA:57,3,0,0
BRDA:57,3,1,1
BRDA:62,4,0,2
BRDA:62,4,1,1
BRDA:64,5,0,2
BRDA:64,5,1,0
BRDA:67,6,0,2
BRDA:67,6,1,0
BRDA:75,7,0,1
BRDA:75,7,1,0
BRDA:75,8,0,0
BRDA:75,8,1,0
BRDA:76,9,0,1
BRDA:76,9,1,0
BRDA:76,10,0,0
BRDA:76,10,1,0
BRDA:81,11,0,1
BRDA:81,11,1,0
BRDA:83,12,0,1
BRDA:83,12,1,0
BRDA:94,13,0,1
BRDA:94,13,1,1
BRDA:102,14,0,0
BRDA:102,14,1,0
BRDA:102,15,0,0
BRDA:102,15,1,0
BRDA:103,16,0,0
BRDA:103,16,1,0
BRDA:105,17,0,0
BRDA:105,17,1,0
BRDA:122,18,0,1
BRDA:122,18,1,0
BRDA:122,19,0,0
BRDA:122,19,1,0
BRDA:123,20,0,1
BRDA:123,20,1,0
BRDA:123,21,0,0
BRDA:123,21,1,0
BRDA:130,22,0,1
BRDA:130,22,1,0
BRDA:144,23,0,0
BRDA:144,23,1,0
BRDA:144,24,0,0
BRDA:144,24,1,0
BRDA:145,25,0,0
BRDA:145,25,1,0
BRDA:145,26,0,0
BRDA:145,26,1,0
BRDA:151,27,0,0
BRDA:151,27,1,0
BRDA:152,28,0,0
BRDA:152,28,1,0
BRDA:152,29,0,0
BRDA:152,29,1,0
BRDA:153,30,0,0
BRDA:153,30,1,0
BRDA:153,31,0,0
BRDA:153,31,1,0
BRDA:155,32,0,0
BRDA:155,32,1,0
BRDA:158,33,0,0
BRDA:158,33,1,0
BRDA:160,34,0,0
BRDA:160,34,1,0
BRDA:161,35,0,0
BRDA:161,35,1,0
BRDA:164,36,0,0
BRDA:164,36,1,0
BRDA:165,37,0,0
BRDA:165,37,1,0
BRDA:169,38,0,0
BRDA:169,38,1,0
BRDA:175,39,0,0
BRDA:175,39,1,0
BRDA:175,40,0,0
BRDA:175,40,1,0
BRDA:176,41,0,0
BRDA:176,41,1,0
BRDA:176,42,0,0
BRDA:176,42,1,0
BRDA:182,43,0,0
BRDA:182,43,1,0
BRDA:187,44,0,0
BRDA:187,44,1,0
BRDA:206,45,0,0
BRDA:206,45,1,1
BRDA:206,46,0,0
BRDA:206,46,1,0
BRDA:206,47,0,0
BRDA:206,47,1,0
BRDA:207,48,0,0
BRDA:207,48,1,1
BRDA:207,49,0,1
BRDA:207,49,1,0
BRDA:208,50,0,1
BRDA:208,50,1,1
BRDA:214,51,0,0
BRDA:214,51,1,0
BRDA:214,52,0,0
BRDA:214,52,1,0
BRDA:215,53,0,0
BRDA:215,53,1,0
BRDA:215,54,0,0
BRDA:215,54,1,0
BRDA:216,55,0,0
BRDA:216,55,1,0
BRDA:216,55,2,0
BRDA:216,56,0,0
BRDA:216,56,1,0
BRDA:222,57,0,0
BRDA:222,57,1,0
BRDA:227,58,0,0
BRDA:227,58,1,0
BRDA:227,59,0,0
BRDA:227,59,1,0
BRDA:228,60,0,0
BRDA:228,60,1,0
BRDA:240,61,0,1
BRDA:240,61,1,0
BRDA:241,62,0,1
BRDA:241,62,1,1
BRDA:243,63,0,1
BRDA:243,63,1,0
BRDA:243,64,0,1
BRDA:243,64,1,0
BRDA:244,65,0,0
BRDA:244,65,1,1
BRDA:244,66,0,1
BRDA:244,66,1,1
BRDA:245,67,0,1
BRDA:245,67,1,0
BRDA:246,68,0,1
BRDA:246,68,1,1
BRDA:259,69,0,2
BRDA:259,69,1,16
BRDA:268,70,0,2
BRDA:268,70,1,14
BRDA:268,71,0,16
BRDA:268,71,1,2
BRDA:268,71,2,2
BRDA:270,72,0,2
BRDA:270,72,1,0
BRDA:271,73,0,2
BRDA:271,73,1,0
BRDA:278,74,0,0
BRDA:278,74,1,14
BRDA:278,75,0,14
BRDA:278,75,1,0
BRDA:278,75,2,0
BRDA:279,76,0,0
BRDA:279,76,1,0
BRDA:282,77,0,0
BRDA:282,77,1,14
BRDA:282,78,0,14
BRDA:282,78,1,0
BRDA:282,78,2,0
BRDA:283,79,0,0
BRDA:283,79,1,0
BRDA:286,80,0,0
BRDA:286,80,1,14
BRDA:286,81,0,14
BRDA:286,81,1,0
BRDA:286,81,2,0
BRDA:290,82,0,14
BRDA:290,82,1,0
BRDA:290,83,0,14
BRDA:290,83,1,14
BRDA:290,83,2,14
BRF:174
BRH:52
end_of_record
TN:
SF:src\lib\export-utils.ts
FN:32,(anonymous_10)
FN:40,(anonymous_11)
FN:41,(anonymous_12)
FN:80,(anonymous_13)
FN:98,(anonymous_14)
FN:104,(anonymous_15)
FN:105,(anonymous_16)
FN:118,(anonymous_17)
FN:121,(anonymous_18)
FN:131,(anonymous_19)
FN:149,(anonymous_20)
FN:160,(anonymous_21)
FN:160,(anonymous_22)
FN:177,(anonymous_23)
FN:221,(anonymous_24)
FN:230,(anonymous_25)
FN:231,(anonymous_26)
FN:256,(anonymous_27)
FN:257,(anonymous_28)
FN:258,(anonymous_29)
FN:271,(anonymous_30)
FN:322,(anonymous_31)
FN:336,(anonymous_32)
FN:363,(anonymous_33)
FN:364,(anonymous_34)
FN:405,(anonymous_35)
FN:433,(anonymous_36)
FN:451,(anonymous_37)
FN:547,downloadBlob
FN:549,(anonymous_39)
FN:564,(anonymous_40)
FNF:31
FNH:0
FNDA:0,(anonymous_10)
FNDA:0,(anonymous_11)
FNDA:0,(anonymous_12)
FNDA:0,(anonymous_13)
FNDA:0,(anonymous_14)
FNDA:0,(anonymous_15)
FNDA:0,(anonymous_16)
FNDA:0,(anonymous_17)
FNDA:0,(anonymous_18)
FNDA:0,(anonymous_19)
FNDA:0,(anonymous_20)
FNDA:0,(anonymous_21)
FNDA:0,(anonymous_22)
FNDA:0,(anonymous_23)
FNDA:0,(anonymous_24)
FNDA:0,(anonymous_25)
FNDA:0,(anonymous_26)
FNDA:0,(anonymous_27)
FNDA:0,(anonymous_28)
FNDA:0,(anonymous_29)
FNDA:0,(anonymous_30)
FNDA:0,(anonymous_31)
FNDA:0,(anonymous_32)
FNDA:0,(anonymous_33)
FNDA:0,(anonymous_34)
FNDA:0,(anonymous_35)
FNDA:0,(anonymous_36)
FNDA:0,(anonymous_37)
FNDA:0,downloadBlob
FNDA:0,(anonymous_39)
FNDA:0,(anonymous_40)
DA:32,0
DA:40,0
DA:41,0
DA:42,0
DA:43,0
DA:50,0
DA:51,0
DA:52,0
DA:53,0
DA:56,0
DA:81,0
DA:82,0
DA:83,0
DA:92,0
DA:98,0
DA:104,0
DA:105,0
DA:106,0
DA:107,0
DA:109,0
DA:110,0
DA:111,0
DA:114,0
DA:115,0
DA:118,0
DA:119,0
DA:122,0
DA:123,0
DA:126,0
DA:128,0
DA:131,0
DA:132,0
DA:133,0
DA:134,0
DA:135,0
DA:140,0
DA:141,0
DA:142,0
DA:143,0
DA:149,0
DA:156,0
DA:159,0
DA:160,0
DA:161,0
DA:162,0
DA:163,0
DA:170,0
DA:171,0
DA:177,0
DA:184,0
DA:185,0
DA:187,0
DA:189,0
DA:190,0
DA:197,0
DA:200,0
DA:206,0
DA:209,0
DA:214,0
DA:217,0
DA:221,0
DA:230,0
DA:231,0
DA:232,0
DA:233,0
DA:235,0
DA:236,0
DA:237,0
DA:238,0
DA:239,0
DA:241,0
DA:242,0
DA:243,0
DA:245,0
DA:246,0
DA:247,0
DA:248,0
DA:249,0
DA:250,0
DA:251,0
DA:252,0
DA:253,0
DA:255,0
DA:256,0
DA:257,0
DA:258,0
DA:271,0
DA:272,0
DA:273,0
DA:274,0
DA:275,0
DA:276,0
DA:277,0
DA:278,0
DA:279,0
DA:280,0
DA:281,0
DA:282,0
DA:285,0
DA:298,0
DA:323,0
DA:324,0
DA:325,0
DA:333,0
DA:336,0
DA:363,0
DA:364,0
DA:365,0
DA:366,0
DA:368,0
DA:369,0
DA:371,0
DA:372,0
DA:374,0
DA:375,0
DA:376,0
DA:377,0
DA:378,0
DA:379,0
DA:380,0
DA:381,0
DA:382,0
DA:383,0
DA:384,0
DA:385,0
DA:386,0
DA:387,0
DA:388,0
DA:403,0
DA:405,0
DA:406,0
DA:407,0
DA:421,0
DA:422,0
DA:423,0
DA:424,0
DA:425,0
DA:426,0
DA:427,0
DA:428,0
DA:429,0
DA:430,0
DA:433,0
DA:450,0
DA:452,0
DA:453,0
DA:454,0
DA:455,0
DA:456,0
DA:457,0
DA:458,0
DA:459,0
DA:460,0
DA:461,0
DA:462,0
DA:467,0
DA:484,0
DA:501,0
DA:529,0
DA:530,0
DA:531,0
DA:532,0
DA:533,0
DA:534,0
DA:535,0
DA:536,0
DA:538,0
DA:539,0
DA:540,0
DA:542,0
DA:543,0
DA:548,0
DA:549,0
DA:550,0
DA:551,0
DA:552,0
DA:553,0
DA:558,0
DA:559,0
DA:560,0
DA:561,0
DA:562,0
DA:563,0
DA:564,0
DA:565,0
DA:566,0
LF:186
LH:0
BRDA:36,0,0,0
BRDA:37,1,0,0
BRDA:38,2,0,0
BRDA:42,3,0,0
BRDA:42,3,1,0
BRDA:102,4,0,0
BRDA:106,5,0,0
BRDA:106,5,1,0
BRDA:107,6,0,0
BRDA:107,6,1,0
BRDA:123,7,0,0
BRDA:123,7,1,0
BRDA:123,8,0,0
BRDA:123,8,1,0
BRDA:132,9,0,0
BRDA:132,9,1,0
BRDA:134,10,0,0
BRDA:134,10,1,0
BRDA:134,11,0,0
BRDA:134,11,1,0
BRDA:152,12,0,0
BRDA:153,13,0,0
BRDA:161,14,0,0
BRDA:161,14,1,0
BRDA:161,15,0,0
BRDA:161,15,1,0
BRDA:163,16,0,0
BRDA:163,16,1,0
BRDA:163,17,0,0
BRDA:163,17,1,0
BRDA:163,17,2,0
BRDA:185,18,0,0
BRDA:185,18,1,0
BRDA:187,19,0,0
BRDA:187,19,1,0
BRDA:187,19,2,0
BRDA:187,19,3,0
BRDA:189,20,0,0
BRDA:189,20,1,0
BRDA:232,21,0,0
BRDA:232,21,1,0
BRDA:237,22,0,0
BRDA:237,22,1,0
BRDA:238,23,0,0
BRDA:238,23,1,0
BRDA:239,24,0,0
BRDA:239,24,1,0
BRDA:256,25,0,0
BRDA:256,25,1,0
BRDA:291,26,0,0
BRDA:291,26,1,0
BRDA:292,27,0,0
BRDA:292,27,1,0
BRDA:293,28,0,0
BRDA:293,28,1,0
BRDA:294,29,0,0
BRDA:294,29,1,0
BRDA:295,30,0,0
BRDA:295,30,1,0
BRDA:333,31,0,0
BRDA:333,31,1,0
BRDA:365,32,0,0
BRDA:365,32,1,0
BRDA:376,33,0,0
BRDA:376,33,1,0
BRDA:377,34,0,0
BRDA:377,34,1,0
BRDA:381,35,0,0
BRDA:381,35,1,0
BRDA:382,36,0,0
BRDA:382,36,1,0
BRDA:384,37,0,0
BRDA:384,37,1,0
BRDA:387,38,0,0
BRDA:387,38,1,0
BRDA:406,39,0,0
BRDA:406,39,1,0
BRDA:406,39,2,0
BRDA:407,40,0,0
BRDA:407,40,1,0
BRDA:408,41,0,0
BRDA:408,41,1,0
BRDA:409,42,0,0
BRDA:409,42,1,0
BRDA:410,43,0,0
BRDA:410,43,1,0
BRDA:421,44,0,0
BRDA:421,44,1,0
BRDA:422,45,0,0
BRDA:422,45,1,0
BRDA:423,46,0,0
BRDA:423,46,1,0
BRDA:424,47,0,0
BRDA:424,47,1,0
BRDA:425,48,0,0
BRDA:425,48,1,0
BRDA:426,49,0,0
BRDA:426,49,1,0
BRDA:427,50,0,0
BRDA:427,50,1,0
BRDA:428,51,0,0
BRDA:428,51,1,0
BRDA:429,52,0,0
BRDA:429,52,1,0
BRDA:539,53,0,0
BRDA:539,53,1,0
BRDA:540,54,0,0
BRDA:540,54,1,0
BRDA:542,55,0,0
BRDA:542,55,1,0
BRDA:542,56,0,0
BRDA:542,56,1,0
BRDA:543,57,0,0
BRDA:543,57,1,0
BRDA:550,58,0,0
BRDA:550,58,1,0
BRDA:551,59,0,0
BRDA:551,59,1,0
BRF:118
BRH:0
end_of_record
TN:
SF:src\lib\mock-data.ts
FN:1931,getEnfundesByFinca
FN:1932,(anonymous_19)
FN:1935,getCosechasByFinca
FN:1936,(anonymous_21)
FN:1939,getEmpleadosByFinca
FN:1940,(anonymous_23)
FN:1943,getTotalProduccionSemanal
FN:1944,(anonymous_25)
FN:1947,getAlertasNoLeidas
FN:1948,(anonymous_27)
FN:1951,getInsumosStockBajo
FN:1952,(anonymous_29)
FNF:12
FNH:0
FNDA:0,getEnfundesByFinca
FNDA:0,(anonymous_19)
FNDA:0,getCosechasByFinca
FNDA:0,(anonymous_21)
FNDA:0,getEmpleadosByFinca
FNDA:0,(anonymous_23)
FNDA:0,getTotalProduccionSemanal
FNDA:0,(anonymous_25)
FNDA:0,getAlertasNoLeidas
FNDA:0,(anonymous_27)
FNDA:0,getInsumosStockBajo
FNDA:0,(anonymous_29)
DA:16,0
DA:131,0
DA:184,0
DA:444,0
DA:566,0
DA:848,0
DA:1131,0
DA:1254,0
DA:1507,0
DA:1681,0
DA:1821,0
DA:1931,0
DA:1932,0
DA:1935,0
DA:1936,0
DA:1939,0
DA:1940,0
DA:1943,0
DA:1944,0
DA:1947,0
DA:1948,0
DA:1951,0
DA:1952,0
LF:23
LH:0
BRF:0
BRH:0
end_of_record
TN:
SF:src\lib\responsive-utils.ts
FN:6,(anonymous_3)
FN:7,(anonymous_4)
FN:10,(anonymous_5)
FN:11,(anonymous_6)
FN:14,(anonymous_7)
FN:15,(anonymous_8)
FN:16,(anonymous_9)
FN:19,(anonymous_10)
FN:22,(anonymous_11)
FN:23,(anonymous_12)
FN:26,(anonymous_13)
FN:27,(anonymous_14)
FN:28,(anonymous_15)
FN:32,(anonymous_16)
FN:35,(anonymous_17)
FN:36,(anonymous_18)
FN:41,useResponsiveStyles
FNF:17
FNH:0
FNDA:0,(anonymous_3)
FNDA:0,(anonymous_4)
FNDA:0,(anonymous_5)
FNDA:0,(anonymous_6)
FNDA:0,(anonymous_7)
FNDA:0,(anonymous_8)
FNDA:0,(anonymous_9)
FNDA:0,(anonymous_10)
FNDA:0,(anonymous_11)
FNDA:0,(anonymous_12)
FNDA:0,(anonymous_13)
FNDA:0,(anonymous_14)
FNDA:0,(anonymous_15)
FNDA:0,(anonymous_16)
FNDA:0,(anonymous_17)
FNDA:0,(anonymous_18)
FNDA:0,useResponsiveStyles
DA:1,0
DA:4,0
DA:6,0
DA:7,0
DA:10,0
DA:11,0
DA:14,0
DA:15,0
DA:16,0
DA:19,0
DA:22,0
DA:23,0
DA:26,0
DA:27,0
DA:28,0
DA:32,0
DA:35,0
DA:36,0
DA:41,0
DA:42,0
DA:44,0
LF:21
LH:0
BRDA:6,0,0,0
BRDA:6,0,1,0
BRDA:7,1,0,0
BRDA:7,1,1,0
BRDA:10,2,0,0
BRDA:10,2,1,0
BRDA:11,3,0,0
BRDA:11,3,1,0
BRDA:14,4,0,0
BRDA:14,4,1,0
BRDA:15,5,0,0
BRDA:15,5,1,0
BRDA:16,6,0,0
BRDA:16,6,1,0
BRDA:19,7,0,0
BRDA:19,7,1,0
BRDA:22,8,0,0
BRDA:22,8,1,0
BRDA:23,9,0,0
BRDA:23,9,1,0
BRDA:26,10,0,0
BRDA:26,10,1,0
BRDA:27,11,0,0
BRDA:27,11,1,0
BRDA:28,12,0,0
BRDA:28,12,1,0
BRDA:32,13,0,0
BRDA:32,13,1,0
BRDA:35,14,0,0
BRDA:35,14,1,0
BRDA:36,15,0,0
BRDA:36,15,1,0
BRF:32
BRH:0
end_of_record
TN:
SF:src\lib\utils.ts
FN:4,cn
FNF:1
FNH:0
FNDA:0,cn
DA:1,0
DA:2,0
DA:4,0
DA:5,0
LF:4
LH:0
BRF:0
BRH:0
end_of_record
TN:
SF:src\lib\validation.ts
FN:14,(anonymous_14)
FN:31,(anonymous_15)
FN:54,(anonymous_16)
FN:55,(anonymous_17)
FN:71,(anonymous_18)
FN:77,(anonymous_19)
FN:80,(anonymous_20)
FN:85,(anonymous_21)
FN:96,(anonymous_22)
FN:97,(anonymous_23)
FN:98,(anonymous_24)
FN:99,(anonymous_25)
FN:107,(anonymous_26)
FN:115,(anonymous_27)
FN:121,(anonymous_28)
FN:122,(anonymous_29)
FN:128,(anonymous_30)
FN:133,(anonymous_31)
FN:134,(anonymous_32)
FN:135,(anonymous_33)
FN:136,(anonymous_34)
FN:137,(anonymous_35)
FN:138,(anonymous_36)
FN:143,(anonymous_37)
FN:149,(anonymous_38)
FN:150,(anonymous_39)
FN:151,(anonymous_40)
FN:152,(anonymous_41)
FN:153,(anonymous_42)
FN:158,(anonymous_43)
FN:159,(anonymous_44)
FN:166,(anonymous_45)
FN:171,(anonymous_46)
FN:175,(anonymous_47)
FN:176,(anonymous_48)
FN:177,(anonymous_49)
FN:178,(anonymous_50)
FN:179,(anonymous_51)
FN:184,(anonymous_52)
FN:188,(anonymous_53)
FN:195,(anonymous_54)
FNF:41
FNH:0
FNDA:0,(anonymous_14)
FNDA:0,(anonymous_15)
FNDA:0,(anonymous_16)
FNDA:0,(anonymous_17)
FNDA:0,(anonymous_18)
FNDA:0,(anonymous_19)
FNDA:0,(anonymous_20)
FNDA:0,(anonymous_21)
FNDA:0,(anonymous_22)
FNDA:0,(anonymous_23)
FNDA:0,(anonymous_24)
FNDA:0,(anonymous_25)
FNDA:0,(anonymous_26)
FNDA:0,(anonymous_27)
FNDA:0,(anonymous_28)
FNDA:0,(anonymous_29)
FNDA:0,(anonymous_30)
FNDA:0,(anonymous_31)
FNDA:0,(anonymous_32)
FNDA:0,(anonymous_33)
FNDA:0,(anonymous_34)
FNDA:0,(anonymous_35)
FNDA:0,(anonymous_36)
FNDA:0,(anonymous_37)
FNDA:0,(anonymous_38)
FNDA:0,(anonymous_39)
FNDA:0,(anonymous_40)
FNDA:0,(anonymous_41)
FNDA:0,(anonymous_42)
FNDA:0,(anonymous_43)
FNDA:0,(anonymous_44)
FNDA:0,(anonymous_45)
FNDA:0,(anonymous_46)
FNDA:0,(anonymous_47)
FNDA:0,(anonymous_48)
FNDA:0,(anonymous_49)
FNDA:0,(anonymous_50)
FNDA:0,(anonymous_51)
FNDA:0,(anonymous_52)
FNDA:0,(anonymous_53)
FNDA:0,(anonymous_54)
DA:1,0
DA:4,0
DA:5,0
DA:6,0
DA:7,0
DA:8,0
DA:9,0
DA:10,0
DA:11,0
DA:12,0
DA:14,0
DA:15,0
DA:16,0
DA:17,0
DA:18,0
DA:19,0
DA:20,0
DA:21,0
DA:23,0
DA:24,0
DA:25,0
DA:26,0
DA:28,0
DA:31,0
DA:32,0
DA:33,0
DA:34,0
DA:35,0
DA:36,0
DA:37,0
DA:38,0
DA:39,0
DA:40,0
DA:41,0
DA:42,0
DA:43,0
DA:45,0
DA:47,0
DA:48,0
DA:49,0
DA:52,0
DA:53,0
DA:54,0
DA:55,0
DA:57,0
DA:62,0
DA:71,0
DA:75,0
DA:77,0
DA:80,0
DA:85,0
DA:92,0
DA:96,0
DA:97,0
DA:98,0
DA:99,0
DA:104,0
DA:107,0
DA:113,0
DA:116,0
DA:117,0
DA:121,0
DA:122,0
DA:126,0
DA:129,0
DA:130,0
DA:133,0
DA:134,0
DA:135,0
DA:136,0
DA:137,0
DA:138,0
DA:141,0
DA:144,0
DA:145,0
DA:149,0
DA:150,0
DA:151,0
DA:152,0
DA:153,0
DA:156,0
DA:158,0
DA:159,0
DA:164,0
DA:167,0
DA:168,0
DA:172,0
DA:173,0
DA:175,0
DA:176,0
DA:177,0
DA:178,0
DA:179,0
DA:182,0
DA:184,0
DA:188,0
DA:195,0
LF:97
LH:0
BRDA:16,0,0,0
BRDA:16,0,1,0
BRDA:17,1,0,0
BRDA:17,1,1,0
BRDA:19,2,0,0
BRDA:19,2,1,0
BRDA:19,3,0,0
BRDA:19,3,1,0
BRDA:20,4,0,0
BRDA:20,4,1,0
BRDA:20,5,0,0
BRDA:20,5,1,0
BRDA:23,6,0,0
BRDA:23,6,1,0
BRDA:24,7,0,0
BRDA:24,7,1,0
BRDA:24,8,0,0
BRDA:24,8,1,0
BRDA:25,9,0,0
BRDA:25,9,1,0
BRDA:25,10,0,0
BRDA:25,10,1,0
BRDA:33,11,0,0
BRDA:33,11,1,0
BRDA:35,12,0,0
BRDA:35,12,1,0
BRDA:35,13,0,0
BRDA:35,13,1,0
BRDA:37,14,0,0
BRDA:37,14,1,0
BRDA:41,15,0,0
BRDA:41,15,1,0
BRDA:43,16,0,0
BRDA:43,16,1,0
BRDA:48,17,0,0
BRDA:48,17,1,0
BRDA:71,18,0,0
BRDA:71,18,1,0
BRDA:85,19,0,0
BRDA:85,19,1,0
BRDA:117,20,0,0
BRDA:117,20,1,0
BRDA:130,21,0,0
BRDA:130,21,1,0
BRDA:145,22,0,0
BRDA:145,22,1,0
BRDA:168,23,0,0
BRDA:168,23,1,0
BRDA:173,24,0,0
BRDA:173,24,1,0
BRDA:195,25,0,0
BRDA:195,25,1,0
BRF:52
BRH:0
end_of_record
